{"/home/travis/build/npmtest/node-npmtest-react-toolbox/test.js":{"path":"/home/travis/build/npmtest/node-npmtest-react-toolbox/test.js","s":{"1":2,"2":2,"3":2,"4":2,"5":2,"6":2,"7":2,"8":1,"9":2,"10":2,"11":1,"12":1,"13":1,"14":1,"15":2,"16":2,"17":2,"18":2,"19":1,"20":1,"21":2,"22":2,"23":2,"24":1,"25":1,"26":1,"27":1,"28":1,"29":1,"30":1,"31":1,"32":1,"33":1,"34":1,"35":1,"36":1,"37":1,"38":1,"39":2,"40":2,"41":1,"42":2,"43":2,"44":1,"45":2,"46":2,"47":1,"48":2,"49":2,"50":1,"51":1,"52":1,"53":1,"54":1},"b":{"1":[2,1,1,1],"2":[1,1,1,1],"3":[1,1],"4":[1,1],"5":[1,1],"6":[1,1],"7":[1,1],"8":[1,1],"9":[1,1],"10":[1,1,1],"11":[1,1],"12":[1,1],"13":[1,1],"14":[1,1],"15":[1,1],"16":[1,1],"17":[1,1]},"f":{"1":2,"2":2,"3":2,"4":2,"5":2,"6":1,"7":1,"8":1,"9":2,"10":2,"11":2,"12":2,"13":1},"fnMap":{"1":{"name":"(anonymous_1)","line":12,"loc":{"start":{"line":12,"column":1},"end":{"line":12,"column":13}}},"2":{"name":"(anonymous_2)","line":19,"loc":{"start":{"line":19,"column":5},"end":{"line":19,"column":17}}},"3":{"name":"(anonymous_3)","line":23,"loc":{"start":{"line":23,"column":24},"end":{"line":23,"column":36}}},"4":{"name":"(anonymous_4)","line":61,"loc":{"start":{"line":61,"column":5},"end":{"line":61,"column":17}}},"5":{"name":"(anonymous_5)","line":82,"loc":{"start":{"line":82,"column":5},"end":{"line":82,"column":17}}},"6":{"name":"(anonymous_6)","line":91,"loc":{"start":{"line":91,"column":77},"end":{"line":94,"column":10}}},"7":{"name":"(anonymous_7)","line":112,"loc":{"start":{"line":112,"column":83},"end":{"line":115,"column":10}},"skip":true},"8":{"name":"(anonymous_8)","line":123,"loc":{"start":{"line":123,"column":77},"end":{"line":126,"column":10}},"skip":true},"9":{"name":"(anonymous_9)","line":139,"loc":{"start":{"line":139,"column":12},"end":{"line":139,"column":40}},"skip":true},"10":{"name":"(anonymous_10)","line":147,"loc":{"start":{"line":147,"column":77},"end":{"line":150,"column":10}},"skip":true},"11":{"name":"(anonymous_11)","line":158,"loc":{"start":{"line":158,"column":83},"end":{"line":161,"column":10}},"skip":true},"12":{"name":"(anonymous_12)","line":169,"loc":{"start":{"line":169,"column":79},"end":{"line":172,"column":10}},"skip":true},"13":{"name":"(anonymous_13)","line":180,"loc":{"start":{"line":180,"column":75},"end":{"line":183,"column":10}},"skip":true}},"statementMap":{"1":{"start":{"line":12,"column":0},"end":{"line":195,"column":5}},"2":{"start":{"line":14,"column":4},"end":{"line":14,"column":14}},"3":{"start":{"line":19,"column":4},"end":{"line":56,"column":9}},"4":{"start":{"line":21,"column":8},"end":{"line":21,"column":19}},"5":{"start":{"line":23,"column":8},"end":{"line":35,"column":13}},"6":{"start":{"line":24,"column":12},"end":{"line":34,"column":13}},"7":{"start":{"line":25,"column":16},"end":{"line":28,"column":30}},"8":{"start":{"line":30,"column":16},"end":{"line":33,"column":27}},"9":{"start":{"line":37,"column":8},"end":{"line":39,"column":21}},"10":{"start":{"line":40,"column":8},"end":{"line":53,"column":9}},"11":{"start":{"line":43,"column":12},"end":{"line":46,"column":14}},"12":{"start":{"line":47,"column":12},"end":{"line":47,"column":18}},"13":{"start":{"line":50,"column":12},"end":{"line":51,"column":33}},"14":{"start":{"line":52,"column":12},"end":{"line":52,"column":18}},"15":{"start":{"line":55,"column":8},"end":{"line":55,"column":35}},"16":{"start":{"line":61,"column":4},"end":{"line":63,"column":9}},"17":{"start":{"line":62,"column":8},"end":{"line":62,"column":15}},"18":{"start":{"line":64,"column":4},"end":{"line":77,"column":5}},"19":{"start":{"line":70,"column":8},"end":{"line":70,"column":14}},"20":{"start":{"line":76,"column":8},"end":{"line":76,"column":14}},"21":{"start":{"line":82,"column":4},"end":{"line":84,"column":9}},"22":{"start":{"line":83,"column":8},"end":{"line":83,"column":15}},"23":{"start":{"line":85,"column":4},"end":{"line":194,"column":5}},"24":{"start":{"line":91,"column":8},"end":{"line":99,"column":10}},"25":{"start":{"line":98,"column":12},"end":{"line":98,"column":35}},"26":{"start":{"line":102,"column":8},"end":{"line":104,"column":63}},"27":{"start":{"line":105,"column":8},"end":{"line":105,"column":14}},"28":{"start":{"line":112,"column":8},"end":{"line":121,"column":10},"skip":true},"29":{"start":{"line":119,"column":12},"end":{"line":119,"column":55},"skip":true},"30":{"start":{"line":120,"column":12},"end":{"line":120,"column":48},"skip":true},"31":{"start":{"line":123,"column":8},"end":{"line":136,"column":10},"skip":true},"32":{"start":{"line":130,"column":12},"end":{"line":130,"column":76},"skip":true},"33":{"start":{"line":131,"column":12},"end":{"line":131,"column":73},"skip":true},"34":{"start":{"line":132,"column":12},"end":{"line":132,"column":74},"skip":true},"35":{"start":{"line":133,"column":12},"end":{"line":133,"column":79},"skip":true},"36":{"start":{"line":134,"column":12},"end":{"line":134,"column":25},"skip":true},"37":{"start":{"line":135,"column":12},"end":{"line":135,"column":45},"skip":true},"38":{"start":{"line":138,"column":8},"end":{"line":145,"column":14},"skip":true},"39":{"start":{"line":143,"column":16},"end":{"line":143,"column":29},"skip":true},"40":{"start":{"line":144,"column":16},"end":{"line":144,"column":55},"skip":true},"41":{"start":{"line":147,"column":8},"end":{"line":156,"column":10},"skip":true},"42":{"start":{"line":154,"column":12},"end":{"line":154,"column":25},"skip":true},"43":{"start":{"line":155,"column":12},"end":{"line":155,"column":45},"skip":true},"44":{"start":{"line":158,"column":8},"end":{"line":167,"column":10},"skip":true},"45":{"start":{"line":165,"column":12},"end":{"line":165,"column":25},"skip":true},"46":{"start":{"line":166,"column":12},"end":{"line":166,"column":48},"skip":true},"47":{"start":{"line":169,"column":8},"end":{"line":178,"column":10},"skip":true},"48":{"start":{"line":176,"column":12},"end":{"line":176,"column":25},"skip":true},"49":{"start":{"line":177,"column":12},"end":{"line":177,"column":46},"skip":true},"50":{"start":{"line":180,"column":8},"end":{"line":189,"column":10},"skip":true},"51":{"start":{"line":187,"column":12},"end":{"line":187,"column":94},"skip":true},"52":{"start":{"line":188,"column":12},"end":{"line":188,"column":48},"skip":true},"53":{"start":{"line":192,"column":8},"end":{"line":192,"column":35},"skip":true},"54":{"start":{"line":193,"column":8},"end":{"line":193,"column":14},"skip":true}},"branchMap":{"1":{"line":25,"type":"binary-expr","locations":[{"start":{"line":25,"column":23},"end":{"line":25,"column":62}},{"start":{"line":26,"column":20},"end":{"line":26,"column":70}},{"start":{"line":27,"column":20},"end":{"line":27,"column":71}},{"start":{"line":28,"column":20},"end":{"line":28,"column":29}}]},"2":{"line":30,"type":"binary-expr","locations":[{"start":{"line":30,"column":23},"end":{"line":30,"column":37}},{"start":{"line":31,"column":20},"end":{"line":31,"column":61}},{"start":{"line":32,"column":20},"end":{"line":32,"column":70}},{"start":{"line":33,"column":20},"end":{"line":33,"column":26}}]},"3":{"line":37,"type":"cond-expr","locations":[{"start":{"line":38,"column":14},"end":{"line":38,"column":20}},{"start":{"line":39,"column":14},"end":{"line":39,"column":20}}]},"4":{"line":40,"type":"switch","locations":[{"start":{"line":42,"column":8},"end":{"line":47,"column":18}},{"start":{"line":49,"column":8},"end":{"line":52,"column":18}}]},"5":{"line":44,"type":"binary-expr","locations":[{"start":{"line":44,"column":16},"end":{"line":44,"column":44}},{"start":{"line":44,"column":48},"end":{"line":44,"column":66}}]},"6":{"line":50,"type":"binary-expr","locations":[{"start":{"line":50,"column":21},"end":{"line":50,"column":49}},{"start":{"line":50,"column":53},"end":{"line":50,"column":72}}]},"7":{"line":64,"type":"switch","locations":[{"start":{"line":69,"column":4},"end":{"line":70,"column":14}},{"start":{"line":75,"column":4},"end":{"line":76,"column":14}}]},"8":{"line":85,"type":"switch","locations":[{"start":{"line":90,"column":4},"end":{"line":105,"column":14}},{"start":{"line":111,"column":4},"end":{"line":193,"column":14},"skip":true}]},"9":{"line":91,"type":"binary-expr","locations":[{"start":{"line":91,"column":42},"end":{"line":91,"column":73}},{"start":{"line":91,"column":77},"end":{"line":99,"column":9}}]},"10":{"line":102,"type":"binary-expr","locations":[{"start":{"line":102,"column":18},"end":{"line":102,"column":32}},{"start":{"line":103,"column":12},"end":{"line":103,"column":53}},{"start":{"line":104,"column":12},"end":{"line":104,"column":61}}]},"11":{"line":112,"type":"binary-expr","locations":[{"start":{"line":112,"column":45},"end":{"line":112,"column":79},"skip":true},{"start":{"line":112,"column":83},"end":{"line":121,"column":9},"skip":true}]},"12":{"line":123,"type":"binary-expr","locations":[{"start":{"line":123,"column":42},"end":{"line":123,"column":73},"skip":true},{"start":{"line":123,"column":77},"end":{"line":136,"column":9},"skip":true}]},"13":{"line":138,"type":"binary-expr","locations":[{"start":{"line":138,"column":48},"end":{"line":138,"column":85},"skip":true},{"start":{"line":139,"column":12},"end":{"line":145,"column":13},"skip":true}]},"14":{"line":147,"type":"binary-expr","locations":[{"start":{"line":147,"column":42},"end":{"line":147,"column":73},"skip":true},{"start":{"line":147,"column":77},"end":{"line":156,"column":9},"skip":true}]},"15":{"line":158,"type":"binary-expr","locations":[{"start":{"line":158,"column":45},"end":{"line":158,"column":79},"skip":true},{"start":{"line":158,"column":83},"end":{"line":167,"column":9},"skip":true}]},"16":{"line":169,"type":"binary-expr","locations":[{"start":{"line":169,"column":43},"end":{"line":169,"column":75},"skip":true},{"start":{"line":169,"column":79},"end":{"line":178,"column":9},"skip":true}]},"17":{"line":180,"type":"binary-expr","locations":[{"start":{"line":180,"column":41},"end":{"line":180,"column":71},"skip":true},{"start":{"line":180,"column":75},"end":{"line":189,"column":9},"skip":true}]}},"code":["/* istanbul instrument in package npmtest_react_toolbox */","/*jslint","    bitwise: true,","    browser: true,","    maxerr: 8,","    maxlen: 96,","    node: true,","    nomen: true,","    regexp: true,","    stupid: true","*/","(function () {","    'use strict';","    var local;","","","","    // run shared js-env code - pre-init","    (function () {","        // init local","        local = {};","        // init modeJs","        local.modeJs = (function () {","            try {","                return typeof navigator.userAgent === 'string' &&","                    typeof document.querySelector('body') === 'object' &&","                    typeof XMLHttpRequest.prototype.open === 'function' &&","                    'browser';","            } catch (errorCaughtBrowser) {","                return module.exports &&","                    typeof process.versions.node === 'string' &&","                    typeof require('http').createServer === 'function' &&","                    'node';","            }","        }());","        // init global","        local.global = local.modeJs === 'browser'","            ? window","            : global;","        switch (local.modeJs) {","        // re-init local from window.local","        case 'browser':","            local = local.global.utility2.objectSetDefault(","                local.global.utility2_rollup || local.global.local,","                local.global.utility2","            );","            break;","        // re-init local from example.js","        case 'node':","            local = (local.global.utility2_rollup || require('utility2'))","                .requireReadme();","            break;","        }","        // export local","        local.global.local = local;","    }());","","","","    // run shared js-env code - function","    (function () {","        return;","    }());","    switch (local.modeJs) {","","","","    // run browser js-env code - function","    case 'browser':","        break;","","","","    // run node js-env code - function","    case 'node':","        break;","    }","","","","    // run shared js-env code - post-init","    (function () {","        return;","    }());","    switch (local.modeJs) {","","","","    // run browser js-env code - post-init","    case 'browser':","        local.testCase_browser_nullCase = local.testCase_browser_nullCase || function (","            options,","            onError","        ) {","        /*","         * this function will test browsers's null-case handling-behavior-behavior","         */","            onError(null, options);","        };","","        // run tests","        local.nop(local.modeTest &&","            document.querySelector('#testRunButton1') &&","            document.querySelector('#testRunButton1').click());","        break;","","","","    // run node js-env code - post-init","    /* istanbul ignore next */","    case 'node':","        local.testCase_buildApidoc_default = local.testCase_buildApidoc_default || function (","            options,","            onError","        ) {","        /*","         * this function will test buildApidoc's default handling-behavior-behavior","         */","            options = { modulePathList: module.paths };","            local.buildApidoc(options, onError);","        };","","        local.testCase_buildApp_default = local.testCase_buildApp_default || function (","            options,","            onError","        ) {","        /*","         * this function will test buildApp's default handling-behavior-behavior","         */","            local.testCase_buildReadme_default(options, local.onErrorThrow);","            local.testCase_buildLib_default(options, local.onErrorThrow);","            local.testCase_buildTest_default(options, local.onErrorThrow);","            local.testCase_buildCustomOrg_default(options, local.onErrorThrow);","            options = [];","            local.buildApp(options, onError);","        };","","        local.testCase_buildCustomOrg_default = local.testCase_buildCustomOrg_default ||","            function (options, onError) {","            /*","             * this function will test buildCustomOrg's default handling-behavior","             */","                options = {};","                local.buildCustomOrg(options, onError);","            };","","        local.testCase_buildLib_default = local.testCase_buildLib_default || function (","            options,","            onError","        ) {","        /*","         * this function will test buildLib's default handling-behavior","         */","            options = {};","            local.buildLib(options, onError);","        };","","        local.testCase_buildReadme_default = local.testCase_buildReadme_default || function (","            options,","            onError","        ) {","        /*","         * this function will test buildReadme's default handling-behavior-behavior","         */","            options = {};","            local.buildReadme(options, onError);","        };","","        local.testCase_buildTest_default = local.testCase_buildTest_default || function (","            options,","            onError","        ) {","        /*","         * this function will test buildTest's default handling-behavior","         */","            options = {};","            local.buildTest(options, onError);","        };","","        local.testCase_webpage_default = local.testCase_webpage_default || function (","            options,","            onError","        ) {","        /*","         * this function will test webpage's default handling-behavior","         */","            options = { modeCoverageMerge: true, url: local.serverLocalHost + '?modeTest=1' };","            local.browserTest(options, onError);","        };","","        // run test-server","        local.testRunServer(local);","        break;","    }","}());",""],"l":{"12":2,"14":2,"19":2,"21":2,"23":2,"24":2,"25":2,"30":1,"37":2,"40":2,"43":1,"47":1,"50":1,"52":1,"55":2,"61":2,"62":2,"64":2,"70":1,"76":1,"82":2,"83":2,"85":2,"91":1,"98":1,"102":1,"105":1,"112":1,"119":1,"120":1,"123":1,"130":1,"131":1,"132":1,"133":1,"134":1,"135":1,"138":1,"143":2,"144":2,"147":1,"154":2,"155":2,"158":1,"165":2,"166":2,"169":1,"176":2,"177":2,"180":1,"187":1,"188":1,"192":1,"193":1}},"/home/travis/build/npmtest/node-npmtest-react-toolbox/lib.npmtest_react_toolbox.js":{"path":"/home/travis/build/npmtest/node-npmtest-react-toolbox/lib.npmtest_react_toolbox.js","s":{"1":2,"2":2,"3":2,"4":2,"5":2,"6":2,"7":2,"8":1,"9":2,"10":2,"11":2,"12":2,"13":1,"14":1,"15":1,"16":1},"b":{"1":[2,1,1,1],"2":[1,1,1,1],"3":[1,1],"4":[2,2],"5":[1,1]},"f":{"1":2,"2":2,"3":2},"fnMap":{"1":{"name":"(anonymous_1)","line":12,"loc":{"start":{"line":12,"column":1},"end":{"line":12,"column":13}}},"2":{"name":"(anonymous_2)","line":19,"loc":{"start":{"line":19,"column":5},"end":{"line":19,"column":17}}},"3":{"name":"(anonymous_3)","line":23,"loc":{"start":{"line":23,"column":24},"end":{"line":23,"column":36}}}},"statementMap":{"1":{"start":{"line":12,"column":0},"end":{"line":53,"column":5}},"2":{"start":{"line":14,"column":4},"end":{"line":14,"column":14}},"3":{"start":{"line":19,"column":4},"end":{"line":52,"column":9}},"4":{"start":{"line":21,"column":8},"end":{"line":21,"column":19}},"5":{"start":{"line":23,"column":8},"end":{"line":35,"column":13}},"6":{"start":{"line":24,"column":12},"end":{"line":34,"column":13}},"7":{"start":{"line":25,"column":16},"end":{"line":28,"column":30}},"8":{"start":{"line":30,"column":16},"end":{"line":33,"column":27}},"9":{"start":{"line":37,"column":8},"end":{"line":39,"column":21}},"10":{"start":{"line":41,"column":8},"end":{"line":41,"column":54}},"11":{"start":{"line":43,"column":8},"end":{"line":43,"column":58}},"12":{"start":{"line":45,"column":8},"end":{"line":51,"column":9}},"13":{"start":{"line":46,"column":12},"end":{"line":46,"column":64}},"14":{"start":{"line":48,"column":12},"end":{"line":48,"column":35}},"15":{"start":{"line":49,"column":12},"end":{"line":49,"column":49}},"16":{"start":{"line":50,"column":12},"end":{"line":50,"column":43}}},"branchMap":{"1":{"line":25,"type":"binary-expr","locations":[{"start":{"line":25,"column":23},"end":{"line":25,"column":62}},{"start":{"line":26,"column":20},"end":{"line":26,"column":70}},{"start":{"line":27,"column":20},"end":{"line":27,"column":71}},{"start":{"line":28,"column":20},"end":{"line":28,"column":29}}]},"2":{"line":30,"type":"binary-expr","locations":[{"start":{"line":30,"column":23},"end":{"line":30,"column":37}},{"start":{"line":31,"column":20},"end":{"line":31,"column":61}},{"start":{"line":32,"column":20},"end":{"line":32,"column":70}},{"start":{"line":33,"column":20},"end":{"line":33,"column":26}}]},"3":{"line":37,"type":"cond-expr","locations":[{"start":{"line":38,"column":14},"end":{"line":38,"column":20}},{"start":{"line":39,"column":14},"end":{"line":39,"column":20}}]},"4":{"line":41,"type":"binary-expr","locations":[{"start":{"line":41,"column":16},"end":{"line":41,"column":44}},{"start":{"line":41,"column":48},"end":{"line":41,"column":53}}]},"5":{"line":45,"type":"if","locations":[{"start":{"line":45,"column":8},"end":{"line":45,"column":8}},{"start":{"line":45,"column":8},"end":{"line":45,"column":8}}]}},"code":["/* istanbul instrument in package npmtest_react_toolbox */","/*jslint","    bitwise: true,","    browser: true,","    maxerr: 8,","    maxlen: 96,","    node: true,","    nomen: true,","    regexp: true,","    stupid: true","*/","(function () {","    'use strict';","    var local;","","","","    // run shared js-env code - pre-init","    (function () {","        // init local","        local = {};","        // init modeJs","        local.modeJs = (function () {","            try {","                return typeof navigator.userAgent === 'string' &&","                    typeof document.querySelector('body') === 'object' &&","                    typeof XMLHttpRequest.prototype.open === 'function' &&","                    'browser';","            } catch (errorCaughtBrowser) {","                return module.exports &&","                    typeof process.versions.node === 'string' &&","                    typeof require('http').createServer === 'function' &&","                    'node';","            }","        }());","        // init global","        local.global = local.modeJs === 'browser'","            ? window","            : global;","        // init utility2_rollup","        local = local.global.utility2_rollup || local;","        // init lib","        local.local = local.npmtest_react_toolbox = local;","        // init exports","        if (local.modeJs === 'browser') {","            local.global.utility2_npmtest_react_toolbox = local;","        } else {","            module.exports = local;","            module.exports.__dirname = __dirname;","            module.exports.module = module;","        }","    }());","}());",""],"l":{"12":2,"14":2,"19":2,"21":2,"23":2,"24":2,"25":2,"30":1,"37":2,"41":2,"43":2,"45":2,"46":1,"48":1,"49":1,"50":1}},"/home/travis/build/npmtest/node-npmtest-react-toolbox/example.js":{"path":"/home/travis/build/npmtest/node-npmtest-react-toolbox/example.js","s":{"1":2,"2":2,"3":2,"4":2,"5":2,"6":2,"7":2,"8":1,"9":2,"10":2,"11":2,"12":2,"13":1,"14":2,"15":2,"16":2,"17":2,"18":2,"19":0,"20":2,"21":1,"22":1,"23":1,"24":1,"25":1,"26":0,"27":0,"28":1,"29":1,"30":2,"31":0,"32":0,"33":0,"34":1,"35":2,"36":2,"37":3,"38":3,"39":3,"40":3,"41":0,"42":3,"43":3,"44":3,"45":1,"46":3,"47":1,"48":1,"49":1,"50":1,"51":1,"52":1,"53":1,"54":1,"55":1,"56":1,"57":0,"58":1,"59":6,"60":6,"61":1,"62":2,"63":0,"64":2,"65":1,"66":1,"67":0,"68":0,"69":0,"70":0,"71":0,"72":0,"73":0,"74":0,"75":0,"76":0,"77":0,"78":0,"79":0,"80":0,"81":0,"82":0,"83":0},"b":{"1":[2,1,1,1],"2":[1,1,1,1],"3":[1,1],"4":[2,2],"5":[1,1],"6":[1,1],"7":[2,0],"8":[2,1,1,1,1,1],"9":[0,2,0],"10":[1,1],"11":[2,1,1],"12":[1,0],"13":[0,2],"14":[2,0,0,0,0,0,0],"15":[0,3],"16":[3,0],"17":[1,1],"18":[0,1],"19":[1,2,0,2],"20":[1,0],"21":[1,1],"22":[0,0],"23":[0,0],"24":[0,0],"25":[0,0],"26":[0,0],"27":[0,0],"28":[0,0]},"f":{"1":2,"2":2,"3":2,"4":2,"5":2,"6":2,"7":3,"8":3,"9":3,"10":1,"11":6,"12":0},"fnMap":{"1":{"name":"(anonymous_1)","line":26,"loc":{"start":{"line":26,"column":1},"end":{"line":26,"column":13}}},"2":{"name":"(anonymous_2)","line":33,"loc":{"start":{"line":33,"column":5},"end":{"line":33,"column":17}}},"3":{"name":"(anonymous_3)","line":37,"loc":{"start":{"line":37,"column":24},"end":{"line":37,"column":36}}},"4":{"name":"(anonymous_4)","line":69,"loc":{"start":{"line":69,"column":31},"end":{"line":69,"column":48}},"skip":true},"5":{"name":"(anonymous_5)","line":78,"loc":{"start":{"line":78,"column":26},"end":{"line":78,"column":45}},"skip":true},"6":{"name":"(anonymous_6)","line":123,"loc":{"start":{"line":123,"column":33},"end":{"line":123,"column":48}},"skip":true},"7":{"name":"(anonymous_7)","line":125,"loc":{"start":{"line":125,"column":27},"end":{"line":125,"column":39}},"skip":true},"8":{"name":"(anonymous_8)","line":133,"loc":{"start":{"line":133,"column":59},"end":{"line":133,"column":74}},"skip":true},"9":{"name":"(anonymous_9)","line":143,"loc":{"start":{"line":143,"column":45},"end":{"line":143,"column":62}},"skip":true},"10":{"name":"(anonymous_10)","line":144,"loc":{"start":{"line":144,"column":73},"end":{"line":144,"column":92}},"skip":true},"11":{"name":"(anonymous_11)","line":272,"loc":{"start":{"line":272,"column":51},"end":{"line":272,"column":77}},"skip":true},"12":{"name":"(anonymous_12)","line":315,"loc":{"start":{"line":315,"column":32},"end":{"line":315,"column":61}},"skip":true}},"statementMap":{"1":{"start":{"line":26,"column":0},"end":{"line":326,"column":5}},"2":{"start":{"line":28,"column":4},"end":{"line":28,"column":14}},"3":{"start":{"line":33,"column":4},"end":{"line":60,"column":9}},"4":{"start":{"line":35,"column":8},"end":{"line":35,"column":19}},"5":{"start":{"line":37,"column":8},"end":{"line":49,"column":13}},"6":{"start":{"line":38,"column":12},"end":{"line":48,"column":13}},"7":{"start":{"line":39,"column":16},"end":{"line":42,"column":30}},"8":{"start":{"line":44,"column":16},"end":{"line":47,"column":27}},"9":{"start":{"line":51,"column":8},"end":{"line":53,"column":21}},"10":{"start":{"line":55,"column":8},"end":{"line":57,"column":45}},"11":{"start":{"line":59,"column":8},"end":{"line":59,"column":35}},"12":{"start":{"line":61,"column":4},"end":{"line":325,"column":5}},"13":{"start":{"line":69,"column":8},"end":{"line":121,"column":10},"skip":true},"14":{"start":{"line":70,"column":12},"end":{"line":88,"column":13},"skip":true},"15":{"start":{"line":76,"column":16},"end":{"line":87,"column":19},"skip":true},"16":{"start":{"line":79,"column":20},"end":{"line":86,"column":21},"skip":true},"17":{"start":{"line":82,"column":24},"end":{"line":82,"column":43},"skip":true},"18":{"start":{"line":83,"column":24},"end":{"line":83,"column":30},"skip":true},"19":{"start":{"line":85,"column":24},"end":{"line":85,"column":49},"skip":true},"20":{"start":{"line":89,"column":12},"end":{"line":107,"column":13},"skip":true},"21":{"start":{"line":92,"column":16},"end":{"line":102,"column":17},"skip":true},"22":{"start":{"line":93,"column":20},"end":{"line":93,"column":86},"skip":true},"23":{"start":{"line":94,"column":20},"end":{"line":95,"column":45},"skip":true},"24":{"start":{"line":96,"column":20},"end":{"line":96,"column":42},"skip":true},"25":{"start":{"line":97,"column":20},"end":{"line":97,"column":48},"skip":true},"26":{"start":{"line":100,"column":20},"end":{"line":100,"column":85},"skip":true},"27":{"start":{"line":101,"column":20},"end":{"line":101,"column":96},"skip":true},"28":{"start":{"line":103,"column":16},"end":{"line":103,"column":22},"skip":true},"29":{"start":{"line":106,"column":16},"end":{"line":106,"column":22},"skip":true},"30":{"start":{"line":108,"column":12},"end":{"line":120,"column":13},"skip":true},"31":{"start":{"line":114,"column":16},"end":{"line":119,"column":17},"skip":true},"32":{"start":{"line":116,"column":20},"end":{"line":116,"column":78},"skip":true},"33":{"start":{"line":118,"column":20},"end":{"line":118,"column":47},"skip":true},"34":{"start":{"line":123,"column":8},"end":{"line":141,"column":11},"skip":true},"35":{"start":{"line":124,"column":12},"end":{"line":124,"column":54},"skip":true},"36":{"start":{"line":125,"column":12},"end":{"line":140,"column":14},"skip":true},"37":{"start":{"line":126,"column":16},"end":{"line":126,"column":28},"skip":true},"38":{"start":{"line":127,"column":16},"end":{"line":127,"column":69},"skip":true},"39":{"start":{"line":128,"column":16},"end":{"line":128,"column":75},"skip":true},"40":{"start":{"line":129,"column":16},"end":{"line":131,"column":17},"skip":true},"41":{"start":{"line":130,"column":20},"end":{"line":130,"column":27},"skip":true},"42":{"start":{"line":133,"column":16},"end":{"line":137,"column":36},"skip":true},"43":{"start":{"line":134,"column":20},"end":{"line":136,"column":55},"skip":true},"44":{"start":{"line":139,"column":16},"end":{"line":139,"column":57},"skip":true},"45":{"start":{"line":143,"column":8},"end":{"line":147,"column":11},"skip":true},"46":{"start":{"line":144,"column":12},"end":{"line":146,"column":15},"skip":true},"47":{"start":{"line":145,"column":16},"end":{"line":145,"column":70},"skip":true},"48":{"start":{"line":149,"column":8},"end":{"line":149,"column":31},"skip":true},"49":{"start":{"line":150,"column":8},"end":{"line":150,"column":14},"skip":true},"50":{"start":{"line":158,"column":8},"end":{"line":158,"column":31},"skip":true},"51":{"start":{"line":160,"column":8},"end":{"line":160,"column":33},"skip":true},"52":{"start":{"line":161,"column":8},"end":{"line":161,"column":37},"skip":true},"53":{"start":{"line":162,"column":8},"end":{"line":162,"column":35},"skip":true},"54":{"start":{"line":164,"column":8},"end":{"line":164,"column":50},"skip":true},"55":{"start":{"line":166,"column":8},"end":{"line":256,"column":2},"skip":true},"56":{"start":{"line":258,"column":8},"end":{"line":286,"column":9},"skip":true},"57":{"start":{"line":259,"column":12},"end":{"line":269,"column":14},"skip":true},"58":{"start":{"line":271,"column":12},"end":{"line":285,"column":19},"skip":true},"59":{"start":{"line":274,"column":20},"end":{"line":274,"column":35},"skip":true},"60":{"start":{"line":275,"column":20},"end":{"line":284,"column":21},"skip":true},"61":{"start":{"line":277,"column":24},"end":{"line":277,"column":64},"skip":true},"62":{"start":{"line":279,"column":24},"end":{"line":279,"column":40},"skip":true},"63":{"start":{"line":281,"column":24},"end":{"line":281,"column":40},"skip":true},"64":{"start":{"line":283,"column":24},"end":{"line":283,"column":39},"skip":true},"65":{"start":{"line":288,"column":8},"end":{"line":290,"column":9},"skip":true},"66":{"start":{"line":289,"column":12},"end":{"line":289,"column":18},"skip":true},"67":{"start":{"line":291,"column":8},"end":{"line":293,"column":54},"skip":true},"68":{"start":{"line":296,"column":8},"end":{"line":301,"column":37},"skip":true},"69":{"start":{"line":303,"column":8},"end":{"line":303,"column":82},"skip":true},"70":{"start":{"line":306,"column":8},"end":{"line":308,"column":9},"skip":true},"71":{"start":{"line":307,"column":12},"end":{"line":307,"column":82},"skip":true},"72":{"start":{"line":310,"column":8},"end":{"line":312,"column":9},"skip":true},"73":{"start":{"line":311,"column":12},"end":{"line":311,"column":18},"skip":true},"74":{"start":{"line":313,"column":8},"end":{"line":313,"column":54},"skip":true},"75":{"start":{"line":314,"column":8},"end":{"line":314,"column":69},"skip":true},"76":{"start":{"line":315,"column":8},"end":{"line":323,"column":36},"skip":true},"77":{"start":{"line":316,"column":12},"end":{"line":316,"column":61},"skip":true},"78":{"start":{"line":317,"column":12},"end":{"line":320,"column":13},"skip":true},"79":{"start":{"line":318,"column":16},"end":{"line":318,"column":75},"skip":true},"80":{"start":{"line":319,"column":16},"end":{"line":319,"column":23},"skip":true},"81":{"start":{"line":321,"column":12},"end":{"line":321,"column":38},"skip":true},"82":{"start":{"line":322,"column":12},"end":{"line":322,"column":27},"skip":true},"83":{"start":{"line":324,"column":8},"end":{"line":324,"column":14},"skip":true}},"branchMap":{"1":{"line":39,"type":"binary-expr","locations":[{"start":{"line":39,"column":23},"end":{"line":39,"column":62}},{"start":{"line":40,"column":20},"end":{"line":40,"column":70}},{"start":{"line":41,"column":20},"end":{"line":41,"column":71}},{"start":{"line":42,"column":20},"end":{"line":42,"column":29}}]},"2":{"line":44,"type":"binary-expr","locations":[{"start":{"line":44,"column":23},"end":{"line":44,"column":37}},{"start":{"line":45,"column":20},"end":{"line":45,"column":61}},{"start":{"line":46,"column":20},"end":{"line":46,"column":70}},{"start":{"line":47,"column":20},"end":{"line":47,"column":26}}]},"3":{"line":51,"type":"cond-expr","locations":[{"start":{"line":52,"column":14},"end":{"line":52,"column":20}},{"start":{"line":53,"column":14},"end":{"line":53,"column":20}}]},"4":{"line":55,"type":"binary-expr","locations":[{"start":{"line":55,"column":16},"end":{"line":55,"column":44}},{"start":{"line":55,"column":49},"end":{"line":57,"column":43}}]},"5":{"line":55,"type":"cond-expr","locations":[{"start":{"line":56,"column":14},"end":{"line":56,"column":57}},{"start":{"line":57,"column":14},"end":{"line":57,"column":43}}]},"6":{"line":61,"type":"switch","locations":[{"start":{"line":68,"column":4},"end":{"line":150,"column":14},"skip":true},{"start":{"line":156,"column":4},"end":{"line":324,"column":14},"skip":true}]},"7":{"line":70,"type":"if","locations":[{"start":{"line":70,"column":12},"end":{"line":70,"column":12},"skip":true},{"start":{"line":70,"column":12},"end":{"line":70,"column":12},"skip":true}]},"8":{"line":70,"type":"binary-expr","locations":[{"start":{"line":70,"column":16},"end":{"line":70,"column":22},"skip":true},{"start":{"line":70,"column":27},"end":{"line":70,"column":32},"skip":true},{"start":{"line":71,"column":20},"end":{"line":71,"column":39},"skip":true},{"start":{"line":72,"column":20},"end":{"line":72,"column":49},"skip":true},{"start":{"line":73,"column":20},"end":{"line":73,"column":58},"skip":true},{"start":{"line":74,"column":20},"end":{"line":74,"column":69},"skip":true}]},"9":{"line":79,"type":"switch","locations":[{"start":{"line":80,"column":20},"end":{"line":80,"column":33},"skip":true},{"start":{"line":81,"column":20},"end":{"line":83,"column":30},"skip":true},{"start":{"line":84,"column":20},"end":{"line":85,"column":49},"skip":true}]},"10":{"line":89,"type":"switch","locations":[{"start":{"line":90,"column":12},"end":{"line":103,"column":22},"skip":true},{"start":{"line":105,"column":12},"end":{"line":106,"column":22},"skip":true}]},"11":{"line":89,"type":"binary-expr","locations":[{"start":{"line":89,"column":20},"end":{"line":89,"column":25},"skip":true},{"start":{"line":89,"column":29},"end":{"line":89,"column":48},"skip":true},{"start":{"line":89,"column":52},"end":{"line":89,"column":74},"skip":true}]},"12":{"line":92,"type":"if","locations":[{"start":{"line":92,"column":16},"end":{"line":92,"column":16},"skip":true},{"start":{"line":92,"column":16},"end":{"line":92,"column":16},"skip":true}]},"13":{"line":108,"type":"if","locations":[{"start":{"line":108,"column":12},"end":{"line":108,"column":12},"skip":true},{"start":{"line":108,"column":12},"end":{"line":108,"column":12},"skip":true}]},"14":{"line":108,"type":"binary-expr","locations":[{"start":{"line":108,"column":16},"end":{"line":108,"column":61},"skip":true},{"start":{"line":108,"column":66},"end":{"line":108,"column":72},"skip":true},{"start":{"line":108,"column":77},"end":{"line":108,"column":82},"skip":true},{"start":{"line":109,"column":20},"end":{"line":109,"column":39},"skip":true},{"start":{"line":110,"column":20},"end":{"line":110,"column":49},"skip":true},{"start":{"line":111,"column":20},"end":{"line":111,"column":58},"skip":true},{"start":{"line":112,"column":20},"end":{"line":112,"column":68},"skip":true}]},"15":{"line":129,"type":"if","locations":[{"start":{"line":129,"column":16},"end":{"line":129,"column":16},"skip":true},{"start":{"line":129,"column":16},"end":{"line":129,"column":16},"skip":true}]},"16":{"line":134,"type":"cond-expr","locations":[{"start":{"line":135,"column":26},"end":{"line":135,"column":29},"skip":true},{"start":{"line":136,"column":26},"end":{"line":136,"column":54},"skip":true}]},"17":{"line":164,"type":"binary-expr","locations":[{"start":{"line":164,"column":27},"end":{"line":164,"column":43},"skip":true},{"start":{"line":164,"column":47},"end":{"line":164,"column":49},"skip":true}]},"18":{"line":258,"type":"if","locations":[{"start":{"line":258,"column":8},"end":{"line":258,"column":8},"skip":true},{"start":{"line":258,"column":8},"end":{"line":258,"column":8},"skip":true}]},"19":{"line":275,"type":"switch","locations":[{"start":{"line":276,"column":20},"end":{"line":277,"column":64},"skip":true},{"start":{"line":278,"column":20},"end":{"line":279,"column":40},"skip":true},{"start":{"line":280,"column":20},"end":{"line":281,"column":40},"skip":true},{"start":{"line":282,"column":20},"end":{"line":283,"column":39},"skip":true}]},"20":{"line":288,"type":"if","locations":[{"start":{"line":288,"column":8},"end":{"line":288,"column":8},"skip":true},{"start":{"line":288,"column":8},"end":{"line":288,"column":8},"skip":true}]},"21":{"line":288,"type":"binary-expr","locations":[{"start":{"line":288,"column":12},"end":{"line":288,"column":40},"skip":true},{"start":{"line":288,"column":44},"end":{"line":288,"column":67},"skip":true}]},"22":{"line":292,"type":"binary-expr","locations":[{"start":{"line":292,"column":12},"end":{"line":292,"column":50},"skip":true},{"start":{"line":293,"column":12},"end":{"line":293,"column":53},"skip":true}]},"23":{"line":297,"type":"binary-expr","locations":[{"start":{"line":297,"column":12},"end":{"line":297,"column":71},"skip":true},{"start":{"line":298,"column":12},"end":{"line":301,"column":36},"skip":true}]},"24":{"line":303,"type":"binary-expr","locations":[{"start":{"line":303,"column":43},"end":{"line":303,"column":75},"skip":true},{"start":{"line":303,"column":79},"end":{"line":303,"column":81},"skip":true}]},"25":{"line":306,"type":"if","locations":[{"start":{"line":306,"column":8},"end":{"line":306,"column":8},"skip":true},{"start":{"line":306,"column":8},"end":{"line":306,"column":8},"skip":true}]},"26":{"line":310,"type":"if","locations":[{"start":{"line":310,"column":8},"end":{"line":310,"column":8},"skip":true},{"start":{"line":310,"column":8},"end":{"line":310,"column":8},"skip":true}]},"27":{"line":313,"type":"binary-expr","locations":[{"start":{"line":313,"column":27},"end":{"line":313,"column":43},"skip":true},{"start":{"line":313,"column":47},"end":{"line":313,"column":53},"skip":true}]},"28":{"line":317,"type":"if","locations":[{"start":{"line":317,"column":12},"end":{"line":317,"column":12},"skip":true},{"start":{"line":317,"column":12},"end":{"line":317,"column":12},"skip":true}]}},"code":["/*","example.js","","quickstart example","","instruction","    1. save this script as example.js","    2. run the shell command:","        $ npm install npmtest-react-toolbox && PORT=8081 node example.js","    3. play with the browser-demo on http://127.0.0.1:8081","*/","","","","/* istanbul instrument in package npmtest_react_toolbox */","/*jslint","    bitwise: true,","    browser: true,","    maxerr: 8,","    maxlen: 96,","    node: true,","    nomen: true,","    regexp: true,","    stupid: true","*/","(function () {","    'use strict';","    var local;","","","","    // run shared js-env code - pre-init","    (function () {","        // init local","        local = {};","        // init modeJs","        local.modeJs = (function () {","            try {","                return typeof navigator.userAgent === 'string' &&","                    typeof document.querySelector('body') === 'object' &&","                    typeof XMLHttpRequest.prototype.open === 'function' &&","                    'browser';","            } catch (errorCaughtBrowser) {","                return module.exports &&","                    typeof process.versions.node === 'string' &&","                    typeof require('http').createServer === 'function' &&","                    'node';","            }","        }());","        // init global","        local.global = local.modeJs === 'browser'","            ? window","            : global;","        // init utility2_rollup","        local = local.global.utility2_rollup || (local.modeJs === 'browser'","            ? local.global.utility2_npmtest_react_toolbox","            : global.utility2_moduleExports);","        // export local","        local.global.local = local;","    }());","    switch (local.modeJs) {","","","","    // post-init","    // run browser js-env code - post-init","    /* istanbul ignore next */","    case 'browser':","        local.testRunBrowser = function (event) {","            if (!event || (event &&","                    event.currentTarget &&","                    event.currentTarget.className &&","                    event.currentTarget.className.includes &&","                    event.currentTarget.className.includes('onreset'))) {","                // reset output","                Array.from(","                    document.querySelectorAll('body > .resettable')","                ).forEach(function (element) {","                    switch (element.tagName) {","                    case 'INPUT':","                    case 'TEXTAREA':","                        element.value = '';","                        break;","                    default:","                        element.textContent = '';","                    }","                });","            }","            switch (event && event.currentTarget && event.currentTarget.id) {","            case 'testRunButton1':","                // show tests","                if (document.querySelector('#testReportDiv1').style.display === 'none') {","                    document.querySelector('#testReportDiv1').style.display = 'block';","                    document.querySelector('#testRunButton1').textContent =","                        'hide internal test';","                    local.modeTest = true;","                    local.testRunDefault(local);","                // hide tests","                } else {","                    document.querySelector('#testReportDiv1').style.display = 'none';","                    document.querySelector('#testRunButton1').textContent = 'run internal test';","                }","                break;","            // custom-case","            default:","                break;","            }","            if (document.querySelector('#inputTextareaEval1') && (!event || (event &&","                    event.currentTarget &&","                    event.currentTarget.className &&","                    event.currentTarget.className.includes &&","                    event.currentTarget.className.includes('oneval')))) {","                // try to eval input-code","                try {","                    /*jslint evil: true*/","                    eval(document.querySelector('#inputTextareaEval1').value);","                } catch (errorCaught) {","                    console.error(errorCaught);","                }","            }","        };","        // log stderr and stdout to #outputTextareaStdout1","        ['error', 'log'].forEach(function (key) {","            console[key + '_original'] = console[key];","            console[key] = function () {","                var element;","                console[key + '_original'].apply(console, arguments);","                element = document.querySelector('#outputTextareaStdout1');","                if (!element) {","                    return;","                }","                // append text to #outputTextareaStdout1","                element.value += Array.from(arguments).map(function (arg) {","                    return typeof arg === 'string'","                        ? arg","                        : JSON.stringify(arg, null, 4);","                }).join(' ') + '\\n';","                // scroll textarea to bottom","                element.scrollTop = element.scrollHeight;","            };","        });","        // init event-handling","        ['change', 'click', 'keyup'].forEach(function (event) {","            Array.from(document.querySelectorAll('.on' + event)).forEach(function (element) {","                element.addEventListener(event, local.testRunBrowser);","            });","        });","        // run tests","        local.testRunBrowser();","        break;","","","","    // run node js-env code - post-init","    /* istanbul ignore next */","    case 'node':","        // export local","        module.exports = local;","        // require modules","        local.fs = require('fs');","        local.http = require('http');","        local.url = require('url');","        // init assets","        local.assetsDict = local.assetsDict || {};","        /* jslint-ignore-begin */","        local.assetsDict['/assets.index.template.html'] = '\\","<!doctype html>\\n\\","<html lang=\"en\">\\n\\","<head>\\n\\","<meta charset=\"UTF-8\">\\n\\","<meta name=\"viewport\" content=\"width=device-width, initial-scale=1\">\\n\\","<title>{{env.npm_package_name}} (v{{env.npm_package_version}})</title>\\n\\","<style>\\n\\","/*csslint\\n\\","    box-sizing: false,\\n\\","    universal-selector: false\\n\\","*/\\n\\","* {\\n\\","    box-sizing: border-box;\\n\\","}\\n\\","body {\\n\\","    background: #dde;\\n\\","    font-family: Arial, Helvetica, sans-serif;\\n\\","    margin: 2rem;\\n\\","}\\n\\","body > * {\\n\\","    margin-bottom: 1rem;\\n\\","}\\n\\",".utility2FooterDiv {\\n\\","    margin-top: 20px;\\n\\","    text-align: center;\\n\\","}\\n\\","</style>\\n\\","<style>\\n\\","/*csslint\\n\\","*/\\n\\","textarea {\\n\\","    font-family: monospace;\\n\\","    height: 10rem;\\n\\","    width: 100%;\\n\\","}\\n\\","textarea[readonly] {\\n\\","    background: #ddd;\\n\\","}\\n\\","</style>\\n\\","</head>\\n\\","<body>\\n\\","<!-- utility2-comment\\n\\","<div id=\"ajaxProgressDiv1\" style=\"background: #d00; height: 2px; left: 0; margin: 0; padding: 0; position: fixed; top: 0; transition: background 0.5s, width 1.5s; width: 25%;\"></div>\\n\\","utility2-comment -->\\n\\","<h1>\\n\\","<!-- utility2-comment\\n\\","    <a\\n\\","        {{#if env.npm_package_homepage}}\\n\\","        href=\"{{env.npm_package_homepage}}\"\\n\\","        {{/if env.npm_package_homepage}}\\n\\","        target=\"_blank\"\\n\\","    >\\n\\","utility2-comment -->\\n\\","        {{env.npm_package_name}} (v{{env.npm_package_version}})\\n\\","<!-- utility2-comment\\n\\","    </a>\\n\\","utility2-comment -->\\n\\","</h1>\\n\\","<h3>{{env.npm_package_description}}</h3>\\n\\","<!-- utility2-comment\\n\\","<h4><a download href=\"assets.app.js\">download standalone app</a></h4>\\n\\","<button class=\"onclick onreset\" id=\"testRunButton1\">run internal test</button><br>\\n\\","<div id=\"testReportDiv1\" style=\"display: none;\"></div>\\n\\","utility2-comment -->\\n\\","\\n\\","\\n\\","\\n\\","<label>stderr and stdout</label>\\n\\","<textarea class=\"resettable\" id=\"outputTextareaStdout1\" readonly></textarea>\\n\\","<!-- utility2-comment\\n\\","{{#if isRollup}}\\n\\","<script src=\"assets.app.js\"></script>\\n\\","{{#unless isRollup}}\\n\\","utility2-comment -->\\n\\","<script src=\"assets.utility2.rollup.js\"></script>\\n\\","<script src=\"jsonp.utility2._stateInit?callback=window.utility2._stateInit\"></script>\\n\\","<script src=\"assets.npmtest_react_toolbox.rollup.js\"></script>\\n\\","<script src=\"assets.example.js\"></script>\\n\\","<script src=\"assets.test.js\"></script>\\n\\","<!-- utility2-comment\\n\\","{{/if isRollup}}\\n\\","utility2-comment -->\\n\\","<div class=\"utility2FooterDiv\">\\n\\","    [ this app was created with\\n\\","    <a href=\"https://github.com/kaizhu256/node-utility2\" target=\"_blank\">utility2</a>\\n\\","    ]\\n\\","</div>\\n\\","</body>\\n\\","</html>\\n\\","';","        /* jslint-ignore-end */","        if (local.templateRender) {","            local.assetsDict['/'] = local.templateRender(","                local.assetsDict['/assets.index.template.html'],","                {","                    env: local.objectSetDefault(local.env, {","                        npm_package_description: 'the greatest app in the world!',","                        npm_package_name: 'my-app',","                        npm_package_nameAlias: 'my_app',","                        npm_package_version: '0.0.1'","                    })","                }","            );","        } else {","            local.assetsDict['/'] = local.assetsDict['/assets.index.template.html']","                .replace((/\\{\\{env\\.(\\w+?)\\}\\}/g), function (match0, match1) {","                    // jslint-hack","                    String(match0);","                    switch (match1) {","                    case 'npm_package_description':","                        return 'the greatest app in the world!';","                    case 'npm_package_name':","                        return 'my-app';","                    case 'npm_package_nameAlias':","                        return 'my_app';","                    case 'npm_package_version':","                        return '0.0.1';","                    }","                });","        }","        // run the cli","        if (local.global.utility2_rollup || module !== require.main) {","            break;","        }","        local.assetsDict['/assets.example.js'] =","            local.assetsDict['/assets.example.js'] ||","            local.fs.readFileSync(__filename, 'utf8');","        // bug-workaround - long $npm_package_buildCustomOrg","        /* jslint-ignore-begin */","        local.assetsDict['/assets.npmtest_react_toolbox.rollup.js'] =","            local.assetsDict['/assets.npmtest_react_toolbox.rollup.js'] ||","            local.fs.readFileSync(","                local.npmtest_react_toolbox.__dirname + '/lib.npmtest_react_toolbox.js',","                'utf8'","            ).replace((/^#!/), '//');","        /* jslint-ignore-end */","        local.assetsDict['/favicon.ico'] = local.assetsDict['/favicon.ico'] || '';","        // if $npm_config_timeout_exit exists,","        // then exit this process after $npm_config_timeout_exit ms","        if (Number(process.env.npm_config_timeout_exit)) {","            setTimeout(process.exit, Number(process.env.npm_config_timeout_exit));","        }","        // start server","        if (local.global.utility2_serverHttp1) {","            break;","        }","        process.env.PORT = process.env.PORT || '8081';","        console.error('server starting on port ' + process.env.PORT);","        local.http.createServer(function (request, response) {","            request.urlParsed = local.url.parse(request.url);","            if (local.assetsDict[request.urlParsed.pathname] !== undefined) {","                response.end(local.assetsDict[request.urlParsed.pathname]);","                return;","            }","            response.statusCode = 404;","            response.end();","        }).listen(process.env.PORT);","        break;","    }","}());",""],"l":{"26":2,"28":2,"33":2,"35":2,"37":2,"38":2,"39":2,"44":1,"51":2,"55":2,"59":2,"61":2,"69":1,"70":2,"76":2,"79":2,"82":2,"83":2,"85":1,"89":2,"92":1,"93":1,"94":1,"96":1,"97":1,"100":1,"101":1,"103":1,"106":1,"108":2,"114":1,"116":1,"118":1,"123":1,"124":2,"125":2,"126":3,"127":3,"128":3,"129":3,"130":1,"133":3,"134":3,"139":3,"143":1,"144":3,"145":1,"149":1,"150":1,"158":1,"160":1,"161":1,"162":1,"164":1,"166":1,"258":1,"259":1,"271":1,"274":6,"275":6,"277":1,"279":2,"281":1,"283":2,"288":1,"289":1,"291":1,"296":1,"303":1,"306":1,"307":1,"310":1,"311":1,"313":1,"314":1,"315":1,"316":1,"317":1,"318":1,"319":1,"321":1,"322":1,"324":1}},"/home/travis/build/npmtest/node-npmtest-react-toolbox/node_modules/react-toolbox/lib/index.js":{"path":"/home/travis/build/npmtest/node-npmtest-react-toolbox/node_modules/react-toolbox/lib/index.js","s":{"1":2,"2":2,"3":2,"4":2,"5":0,"6":2,"7":0,"8":0,"9":0,"10":0,"11":0,"12":0,"13":0,"14":0,"15":0,"16":0,"17":0,"18":0,"19":0,"20":0,"21":0,"22":0,"23":0,"24":0,"25":0,"26":0,"27":0,"28":0,"29":0,"30":0,"31":0,"32":0,"33":0,"34":0,"35":0,"36":0,"37":0,"38":0,"39":0,"40":0,"41":0,"42":0,"43":0,"44":0,"45":0,"46":0,"47":0,"48":0,"49":0,"50":0,"51":0,"52":0,"53":0,"54":0,"55":0,"56":0,"57":0,"58":0,"59":0,"60":0,"61":0,"62":0,"63":0,"64":0,"65":0,"66":0,"67":0,"68":0,"69":0,"70":0,"71":0,"72":0,"73":0,"74":0,"75":0,"76":0,"77":0,"78":0,"79":0,"80":0,"81":0,"82":0,"83":0,"84":0,"85":0,"86":0,"87":0,"88":0,"89":0,"90":0,"91":0,"92":0,"93":0,"94":0,"95":0,"96":0,"97":0,"98":0,"99":0,"100":0,"101":0,"102":0,"103":0,"104":0,"105":0,"106":0,"107":0,"108":0,"109":0,"110":0,"111":0,"112":0,"113":1,"114":0,"115":0,"116":0},"b":{"1":[0,0],"2":[0,0],"3":[0,0],"4":[0,0],"5":[0,0],"6":[0,0],"7":[0,0],"8":[0,0],"9":[0,0],"10":[0,0],"11":[0,0],"12":[0,0],"13":[0,0],"14":[0,0],"15":[0,0],"16":[0,0],"17":[0,0],"18":[0,0]},"f":{"1":0,"2":0,"3":0,"4":0,"5":0,"6":0,"7":0,"8":0,"9":0,"10":0,"11":0,"12":0,"13":0,"14":0,"15":0,"16":0,"17":0,"18":0,"19":0,"20":0,"21":0,"22":0,"23":0,"24":0,"25":0,"26":0,"27":0,"28":0,"29":0,"30":0,"31":0,"32":0,"33":0,"34":0,"35":0,"36":0},"fnMap":{"1":{"name":"get","line":12,"loc":{"start":{"line":12,"column":7},"end":{"line":12,"column":22}}},"2":{"name":"get","line":21,"loc":{"start":{"line":21,"column":7},"end":{"line":21,"column":22}}},"3":{"name":"get","line":30,"loc":{"start":{"line":30,"column":7},"end":{"line":30,"column":22}}},"4":{"name":"get","line":39,"loc":{"start":{"line":39,"column":7},"end":{"line":39,"column":22}}},"5":{"name":"(anonymous_5)","line":46,"loc":{"start":{"line":46,"column":29},"end":{"line":46,"column":44}}},"6":{"name":"get","line":50,"loc":{"start":{"line":50,"column":9},"end":{"line":50,"column":24}}},"7":{"name":"(anonymous_7)","line":58,"loc":{"start":{"line":58,"column":27},"end":{"line":58,"column":42}}},"8":{"name":"get","line":62,"loc":{"start":{"line":62,"column":9},"end":{"line":62,"column":24}}},"9":{"name":"get","line":72,"loc":{"start":{"line":72,"column":7},"end":{"line":72,"column":22}}},"10":{"name":"get","line":81,"loc":{"start":{"line":81,"column":7},"end":{"line":81,"column":22}}},"11":{"name":"get","line":90,"loc":{"start":{"line":90,"column":7},"end":{"line":90,"column":22}}},"12":{"name":"get","line":99,"loc":{"start":{"line":99,"column":7},"end":{"line":99,"column":22}}},"13":{"name":"get","line":108,"loc":{"start":{"line":108,"column":7},"end":{"line":108,"column":22}}},"14":{"name":"get","line":117,"loc":{"start":{"line":117,"column":7},"end":{"line":117,"column":22}}},"15":{"name":"get","line":126,"loc":{"start":{"line":126,"column":7},"end":{"line":126,"column":22}}},"16":{"name":"get","line":135,"loc":{"start":{"line":135,"column":7},"end":{"line":135,"column":22}}},"17":{"name":"(anonymous_17)","line":142,"loc":{"start":{"line":142,"column":29},"end":{"line":142,"column":44}}},"18":{"name":"get","line":146,"loc":{"start":{"line":146,"column":9},"end":{"line":146,"column":24}}},"19":{"name":"get","line":156,"loc":{"start":{"line":156,"column":7},"end":{"line":156,"column":22}}},"20":{"name":"(anonymous_20)","line":163,"loc":{"start":{"line":163,"column":27},"end":{"line":163,"column":42}}},"21":{"name":"get","line":167,"loc":{"start":{"line":167,"column":9},"end":{"line":167,"column":24}}},"22":{"name":"(anonymous_22)","line":175,"loc":{"start":{"line":175,"column":27},"end":{"line":175,"column":42}}},"23":{"name":"get","line":179,"loc":{"start":{"line":179,"column":9},"end":{"line":179,"column":24}}},"24":{"name":"get","line":189,"loc":{"start":{"line":189,"column":7},"end":{"line":189,"column":22}}},"25":{"name":"get","line":198,"loc":{"start":{"line":198,"column":7},"end":{"line":198,"column":22}}},"26":{"name":"(anonymous_26)","line":205,"loc":{"start":{"line":205,"column":28},"end":{"line":205,"column":43}}},"27":{"name":"get","line":209,"loc":{"start":{"line":209,"column":9},"end":{"line":209,"column":24}}},"28":{"name":"get","line":219,"loc":{"start":{"line":219,"column":7},"end":{"line":219,"column":22}}},"29":{"name":"get","line":228,"loc":{"start":{"line":228,"column":7},"end":{"line":228,"column":22}}},"30":{"name":"get","line":237,"loc":{"start":{"line":237,"column":7},"end":{"line":237,"column":22}}},"31":{"name":"(anonymous_31)","line":244,"loc":{"start":{"line":244,"column":28},"end":{"line":244,"column":43}}},"32":{"name":"get","line":248,"loc":{"start":{"line":248,"column":9},"end":{"line":248,"column":24}}},"33":{"name":"(anonymous_33)","line":256,"loc":{"start":{"line":256,"column":27},"end":{"line":256,"column":42}}},"34":{"name":"get","line":260,"loc":{"start":{"line":260,"column":9},"end":{"line":260,"column":24}}},"35":{"name":"get","line":270,"loc":{"start":{"line":270,"column":7},"end":{"line":270,"column":22}}},"36":{"name":"_interopRequireDefault","line":285,"loc":{"start":{"line":285,"column":0},"end":{"line":285,"column":37}}}},"statementMap":{"1":{"start":{"line":3,"column":0},"end":{"line":5,"column":3}},"2":{"start":{"line":6,"column":0},"end":{"line":6,"column":416}},"3":{"start":{"line":8,"column":0},"end":{"line":8,"column":65}},"4":{"start":{"line":10,"column":0},"end":{"line":15,"column":3}},"5":{"start":{"line":13,"column":4},"end":{"line":13,"column":59}},"6":{"start":{"line":17,"column":0},"end":{"line":17,"column":36}},"7":{"start":{"line":19,"column":0},"end":{"line":24,"column":3}},"8":{"start":{"line":22,"column":4},"end":{"line":22,"column":52}},"9":{"start":{"line":26,"column":0},"end":{"line":26,"column":46}},"10":{"start":{"line":28,"column":0},"end":{"line":33,"column":3}},"11":{"start":{"line":31,"column":4},"end":{"line":31,"column":57}},"12":{"start":{"line":35,"column":0},"end":{"line":35,"column":34}},"13":{"start":{"line":37,"column":0},"end":{"line":42,"column":3}},"14":{"start":{"line":40,"column":4},"end":{"line":40,"column":51}},"15":{"start":{"line":44,"column":0},"end":{"line":44,"column":34}},"16":{"start":{"line":46,"column":0},"end":{"line":54,"column":3}},"17":{"start":{"line":47,"column":2},"end":{"line":47,"column":56}},"18":{"start":{"line":47,"column":49},"end":{"line":47,"column":56}},"19":{"start":{"line":48,"column":2},"end":{"line":53,"column":5}},"20":{"start":{"line":51,"column":6},"end":{"line":51,"column":26}},"21":{"start":{"line":56,"column":0},"end":{"line":56,"column":30}},"22":{"start":{"line":58,"column":0},"end":{"line":66,"column":3}},"23":{"start":{"line":59,"column":2},"end":{"line":59,"column":56}},"24":{"start":{"line":59,"column":49},"end":{"line":59,"column":56}},"25":{"start":{"line":60,"column":2},"end":{"line":65,"column":5}},"26":{"start":{"line":63,"column":6},"end":{"line":63,"column":24}},"27":{"start":{"line":68,"column":0},"end":{"line":68,"column":30}},"28":{"start":{"line":70,"column":0},"end":{"line":75,"column":3}},"29":{"start":{"line":73,"column":4},"end":{"line":73,"column":49}},"30":{"start":{"line":77,"column":0},"end":{"line":77,"column":38}},"31":{"start":{"line":79,"column":0},"end":{"line":84,"column":3}},"32":{"start":{"line":82,"column":4},"end":{"line":82,"column":53}},"33":{"start":{"line":86,"column":0},"end":{"line":86,"column":44}},"34":{"start":{"line":88,"column":0},"end":{"line":93,"column":3}},"35":{"start":{"line":91,"column":4},"end":{"line":91,"column":56}},"36":{"start":{"line":95,"column":0},"end":{"line":95,"column":34}},"37":{"start":{"line":97,"column":0},"end":{"line":102,"column":3}},"38":{"start":{"line":100,"column":4},"end":{"line":100,"column":51}},"39":{"start":{"line":104,"column":0},"end":{"line":104,"column":34}},"40":{"start":{"line":106,"column":0},"end":{"line":111,"column":3}},"41":{"start":{"line":109,"column":4},"end":{"line":109,"column":51}},"42":{"start":{"line":113,"column":0},"end":{"line":113,"column":38}},"43":{"start":{"line":115,"column":0},"end":{"line":120,"column":3}},"44":{"start":{"line":118,"column":4},"end":{"line":118,"column":53}},"45":{"start":{"line":122,"column":0},"end":{"line":122,"column":40}},"46":{"start":{"line":124,"column":0},"end":{"line":129,"column":3}},"47":{"start":{"line":127,"column":4},"end":{"line":127,"column":54}},"48":{"start":{"line":131,"column":0},"end":{"line":131,"column":32}},"49":{"start":{"line":133,"column":0},"end":{"line":138,"column":3}},"50":{"start":{"line":136,"column":4},"end":{"line":136,"column":50}},"51":{"start":{"line":140,"column":0},"end":{"line":140,"column":34}},"52":{"start":{"line":142,"column":0},"end":{"line":150,"column":3}},"53":{"start":{"line":143,"column":2},"end":{"line":143,"column":56}},"54":{"start":{"line":143,"column":49},"end":{"line":143,"column":56}},"55":{"start":{"line":144,"column":2},"end":{"line":149,"column":5}},"56":{"start":{"line":147,"column":6},"end":{"line":147,"column":26}},"57":{"start":{"line":152,"column":0},"end":{"line":152,"column":30}},"58":{"start":{"line":154,"column":0},"end":{"line":159,"column":3}},"59":{"start":{"line":157,"column":4},"end":{"line":157,"column":49}},"60":{"start":{"line":161,"column":0},"end":{"line":161,"column":30}},"61":{"start":{"line":163,"column":0},"end":{"line":171,"column":3}},"62":{"start":{"line":164,"column":2},"end":{"line":164,"column":56}},"63":{"start":{"line":164,"column":49},"end":{"line":164,"column":56}},"64":{"start":{"line":165,"column":2},"end":{"line":170,"column":5}},"65":{"start":{"line":168,"column":6},"end":{"line":168,"column":24}},"66":{"start":{"line":173,"column":0},"end":{"line":173,"column":30}},"67":{"start":{"line":175,"column":0},"end":{"line":183,"column":3}},"68":{"start":{"line":176,"column":2},"end":{"line":176,"column":56}},"69":{"start":{"line":176,"column":49},"end":{"line":176,"column":56}},"70":{"start":{"line":177,"column":2},"end":{"line":182,"column":5}},"71":{"start":{"line":180,"column":6},"end":{"line":180,"column":24}},"72":{"start":{"line":185,"column":0},"end":{"line":185,"column":42}},"73":{"start":{"line":187,"column":0},"end":{"line":192,"column":3}},"74":{"start":{"line":190,"column":4},"end":{"line":190,"column":55}},"75":{"start":{"line":194,"column":0},"end":{"line":194,"column":46}},"76":{"start":{"line":196,"column":0},"end":{"line":201,"column":3}},"77":{"start":{"line":199,"column":4},"end":{"line":199,"column":57}},"78":{"start":{"line":203,"column":0},"end":{"line":203,"column":32}},"79":{"start":{"line":205,"column":0},"end":{"line":213,"column":3}},"80":{"start":{"line":206,"column":2},"end":{"line":206,"column":56}},"81":{"start":{"line":206,"column":49},"end":{"line":206,"column":56}},"82":{"start":{"line":207,"column":2},"end":{"line":212,"column":5}},"83":{"start":{"line":210,"column":6},"end":{"line":210,"column":25}},"84":{"start":{"line":215,"column":0},"end":{"line":215,"column":34}},"85":{"start":{"line":217,"column":0},"end":{"line":222,"column":3}},"86":{"start":{"line":220,"column":4},"end":{"line":220,"column":51}},"87":{"start":{"line":224,"column":0},"end":{"line":224,"column":38}},"88":{"start":{"line":226,"column":0},"end":{"line":231,"column":3}},"89":{"start":{"line":229,"column":4},"end":{"line":229,"column":53}},"90":{"start":{"line":233,"column":0},"end":{"line":233,"column":34}},"91":{"start":{"line":235,"column":0},"end":{"line":240,"column":3}},"92":{"start":{"line":238,"column":4},"end":{"line":238,"column":51}},"93":{"start":{"line":242,"column":0},"end":{"line":242,"column":32}},"94":{"start":{"line":244,"column":0},"end":{"line":252,"column":3}},"95":{"start":{"line":245,"column":2},"end":{"line":245,"column":56}},"96":{"start":{"line":245,"column":49},"end":{"line":245,"column":56}},"97":{"start":{"line":246,"column":2},"end":{"line":251,"column":5}},"98":{"start":{"line":249,"column":6},"end":{"line":249,"column":25}},"99":{"start":{"line":254,"column":0},"end":{"line":254,"column":30}},"100":{"start":{"line":256,"column":0},"end":{"line":264,"column":3}},"101":{"start":{"line":257,"column":2},"end":{"line":257,"column":56}},"102":{"start":{"line":257,"column":49},"end":{"line":257,"column":56}},"103":{"start":{"line":258,"column":2},"end":{"line":263,"column":5}},"104":{"start":{"line":261,"column":6},"end":{"line":261,"column":24}},"105":{"start":{"line":266,"column":0},"end":{"line":266,"column":44}},"106":{"start":{"line":268,"column":0},"end":{"line":273,"column":3}},"107":{"start":{"line":271,"column":4},"end":{"line":271,"column":56}},"108":{"start":{"line":275,"column":0},"end":{"line":275,"column":29}},"109":{"start":{"line":277,"column":0},"end":{"line":277,"column":34}},"110":{"start":{"line":279,"column":0},"end":{"line":279,"column":47}},"111":{"start":{"line":281,"column":0},"end":{"line":281,"column":36}},"112":{"start":{"line":283,"column":0},"end":{"line":283,"column":49}},"113":{"start":{"line":285,"column":0},"end":{"line":285,"column":95}},"114":{"start":{"line":285,"column":39},"end":{"line":285,"column":93}},"115":{"start":{"line":287,"column":0},"end":{"line":287,"column":34}},"116":{"start":{"line":288,"column":0},"end":{"line":288,"column":36}}},"branchMap":{"1":{"line":47,"type":"if","locations":[{"start":{"line":47,"column":2},"end":{"line":47,"column":2}},{"start":{"line":47,"column":2},"end":{"line":47,"column":2}}]},"2":{"line":47,"type":"binary-expr","locations":[{"start":{"line":47,"column":6},"end":{"line":47,"column":23}},{"start":{"line":47,"column":27},"end":{"line":47,"column":47}}]},"3":{"line":59,"type":"if","locations":[{"start":{"line":59,"column":2},"end":{"line":59,"column":2}},{"start":{"line":59,"column":2},"end":{"line":59,"column":2}}]},"4":{"line":59,"type":"binary-expr","locations":[{"start":{"line":59,"column":6},"end":{"line":59,"column":23}},{"start":{"line":59,"column":27},"end":{"line":59,"column":47}}]},"5":{"line":143,"type":"if","locations":[{"start":{"line":143,"column":2},"end":{"line":143,"column":2}},{"start":{"line":143,"column":2},"end":{"line":143,"column":2}}]},"6":{"line":143,"type":"binary-expr","locations":[{"start":{"line":143,"column":6},"end":{"line":143,"column":23}},{"start":{"line":143,"column":27},"end":{"line":143,"column":47}}]},"7":{"line":164,"type":"if","locations":[{"start":{"line":164,"column":2},"end":{"line":164,"column":2}},{"start":{"line":164,"column":2},"end":{"line":164,"column":2}}]},"8":{"line":164,"type":"binary-expr","locations":[{"start":{"line":164,"column":6},"end":{"line":164,"column":23}},{"start":{"line":164,"column":27},"end":{"line":164,"column":47}}]},"9":{"line":176,"type":"if","locations":[{"start":{"line":176,"column":2},"end":{"line":176,"column":2}},{"start":{"line":176,"column":2},"end":{"line":176,"column":2}}]},"10":{"line":176,"type":"binary-expr","locations":[{"start":{"line":176,"column":6},"end":{"line":176,"column":23}},{"start":{"line":176,"column":27},"end":{"line":176,"column":47}}]},"11":{"line":206,"type":"if","locations":[{"start":{"line":206,"column":2},"end":{"line":206,"column":2}},{"start":{"line":206,"column":2},"end":{"line":206,"column":2}}]},"12":{"line":206,"type":"binary-expr","locations":[{"start":{"line":206,"column":6},"end":{"line":206,"column":23}},{"start":{"line":206,"column":27},"end":{"line":206,"column":47}}]},"13":{"line":245,"type":"if","locations":[{"start":{"line":245,"column":2},"end":{"line":245,"column":2}},{"start":{"line":245,"column":2},"end":{"line":245,"column":2}}]},"14":{"line":245,"type":"binary-expr","locations":[{"start":{"line":245,"column":6},"end":{"line":245,"column":23}},{"start":{"line":245,"column":27},"end":{"line":245,"column":47}}]},"15":{"line":257,"type":"if","locations":[{"start":{"line":257,"column":2},"end":{"line":257,"column":2}},{"start":{"line":257,"column":2},"end":{"line":257,"column":2}}]},"16":{"line":257,"type":"binary-expr","locations":[{"start":{"line":257,"column":6},"end":{"line":257,"column":23}},{"start":{"line":257,"column":27},"end":{"line":257,"column":47}}]},"17":{"line":285,"type":"cond-expr","locations":[{"start":{"line":285,"column":70},"end":{"line":285,"column":73}},{"start":{"line":285,"column":76},"end":{"line":285,"column":92}}]},"18":{"line":285,"type":"binary-expr","locations":[{"start":{"line":285,"column":46},"end":{"line":285,"column":49}},{"start":{"line":285,"column":53},"end":{"line":285,"column":67}}]}},"code":["'use strict';","","Object.defineProperty(exports, \"__esModule\", {","  value: true","});","exports.TimePicker = exports.Tooltip = exports.Switch = exports.Snackbar = exports.Slider = exports.Ripple = exports.ProgressBar = exports.Navigation = exports.Link = exports.Input = exports.FontIcon = exports.Dropdown = exports.Drawer = exports.Dialog = exports.DatePicker = exports.Checkbox = exports.Chip = exports.Avatar = exports.Autocomplete = exports.AppBar = exports.overrideComponentTypeChecker = undefined;","","var _isComponentOfType = require('./utils/is-component-of-type');","","Object.defineProperty(exports, 'overrideComponentTypeChecker', {","  enumerable: true,","  get: function get() {","    return _isComponentOfType.overrideComponentTypeChecker;","  }","});","","var _app_bar = require('./app_bar');","","Object.defineProperty(exports, 'AppBar', {","  enumerable: true,","  get: function get() {","    return _interopRequireDefault(_app_bar).default;","  }","});","","var _autocomplete = require('./autocomplete');","","Object.defineProperty(exports, 'Autocomplete', {","  enumerable: true,","  get: function get() {","    return _interopRequireDefault(_autocomplete).default;","  }","});","","var _avatar = require('./avatar');","","Object.defineProperty(exports, 'Avatar', {","  enumerable: true,","  get: function get() {","    return _interopRequireDefault(_avatar).default;","  }","});","","var _button = require('./button');","","Object.keys(_button).forEach(function (key) {","  if (key === \"default\" || key === \"__esModule\") return;","  Object.defineProperty(exports, key, {","    enumerable: true,","    get: function get() {","      return _button[key];","    }","  });","});","","var _card = require('./card');","","Object.keys(_card).forEach(function (key) {","  if (key === \"default\" || key === \"__esModule\") return;","  Object.defineProperty(exports, key, {","    enumerable: true,","    get: function get() {","      return _card[key];","    }","  });","});","","var _chip = require('./chip');","","Object.defineProperty(exports, 'Chip', {","  enumerable: true,","  get: function get() {","    return _interopRequireDefault(_chip).default;","  }","});","","var _checkbox = require('./checkbox');","","Object.defineProperty(exports, 'Checkbox', {","  enumerable: true,","  get: function get() {","    return _interopRequireDefault(_checkbox).default;","  }","});","","var _date_picker = require('./date_picker');","","Object.defineProperty(exports, 'DatePicker', {","  enumerable: true,","  get: function get() {","    return _interopRequireDefault(_date_picker).default;","  }","});","","var _dialog = require('./dialog');","","Object.defineProperty(exports, 'Dialog', {","  enumerable: true,","  get: function get() {","    return _interopRequireDefault(_dialog).default;","  }","});","","var _drawer = require('./drawer');","","Object.defineProperty(exports, 'Drawer', {","  enumerable: true,","  get: function get() {","    return _interopRequireDefault(_drawer).default;","  }","});","","var _dropdown = require('./dropdown');","","Object.defineProperty(exports, 'Dropdown', {","  enumerable: true,","  get: function get() {","    return _interopRequireDefault(_dropdown).default;","  }","});","","var _font_icon = require('./font_icon');","","Object.defineProperty(exports, 'FontIcon', {","  enumerable: true,","  get: function get() {","    return _interopRequireDefault(_font_icon).default;","  }","});","","var _input = require('./input');","","Object.defineProperty(exports, 'Input', {","  enumerable: true,","  get: function get() {","    return _interopRequireDefault(_input).default;","  }","});","","var _layout = require('./layout');","","Object.keys(_layout).forEach(function (key) {","  if (key === \"default\" || key === \"__esModule\") return;","  Object.defineProperty(exports, key, {","    enumerable: true,","    get: function get() {","      return _layout[key];","    }","  });","});","","var _link = require('./link');","","Object.defineProperty(exports, 'Link', {","  enumerable: true,","  get: function get() {","    return _interopRequireDefault(_link).default;","  }","});","","var _list = require('./list');","","Object.keys(_list).forEach(function (key) {","  if (key === \"default\" || key === \"__esModule\") return;","  Object.defineProperty(exports, key, {","    enumerable: true,","    get: function get() {","      return _list[key];","    }","  });","});","","var _menu = require('./menu');","","Object.keys(_menu).forEach(function (key) {","  if (key === \"default\" || key === \"__esModule\") return;","  Object.defineProperty(exports, key, {","    enumerable: true,","    get: function get() {","      return _menu[key];","    }","  });","});","","var _navigation = require('./navigation');","","Object.defineProperty(exports, 'Navigation', {","  enumerable: true,","  get: function get() {","    return _interopRequireDefault(_navigation).default;","  }","});","","var _progress_bar = require('./progress_bar');","","Object.defineProperty(exports, 'ProgressBar', {","  enumerable: true,","  get: function get() {","    return _interopRequireDefault(_progress_bar).default;","  }","});","","var _radio = require('./radio');","","Object.keys(_radio).forEach(function (key) {","  if (key === \"default\" || key === \"__esModule\") return;","  Object.defineProperty(exports, key, {","    enumerable: true,","    get: function get() {","      return _radio[key];","    }","  });","});","","var _slider = require('./slider');","","Object.defineProperty(exports, 'Slider', {","  enumerable: true,","  get: function get() {","    return _interopRequireDefault(_slider).default;","  }","});","","var _snackbar = require('./snackbar');","","Object.defineProperty(exports, 'Snackbar', {","  enumerable: true,","  get: function get() {","    return _interopRequireDefault(_snackbar).default;","  }","});","","var _switch = require('./switch');","","Object.defineProperty(exports, 'Switch', {","  enumerable: true,","  get: function get() {","    return _interopRequireDefault(_switch).default;","  }","});","","var _table = require('./table');","","Object.keys(_table).forEach(function (key) {","  if (key === \"default\" || key === \"__esModule\") return;","  Object.defineProperty(exports, key, {","    enumerable: true,","    get: function get() {","      return _table[key];","    }","  });","});","","var _tabs = require('./tabs');","","Object.keys(_tabs).forEach(function (key) {","  if (key === \"default\" || key === \"__esModule\") return;","  Object.defineProperty(exports, key, {","    enumerable: true,","    get: function get() {","      return _tabs[key];","    }","  });","});","","var _time_picker = require('./time_picker');","","Object.defineProperty(exports, 'TimePicker', {","  enumerable: true,","  get: function get() {","    return _interopRequireDefault(_time_picker).default;","  }","});","","require('./utils/polyfills');","","var _ripple = require('./ripple');","","var _ripple2 = _interopRequireDefault(_ripple);","","var _tooltip = require('./tooltip');","","var _tooltip2 = _interopRequireDefault(_tooltip);","","function _interopRequireDefault(obj) { return obj && obj.__esModule ? obj : { default: obj }; }","","exports.Ripple = _ripple2.default;","exports.Tooltip = _tooltip2.default;"],"l":{"3":2,"6":2,"8":2,"10":2,"13":0,"17":2,"19":0,"22":0,"26":0,"28":0,"31":0,"35":0,"37":0,"40":0,"44":0,"46":0,"47":0,"48":0,"51":0,"56":0,"58":0,"59":0,"60":0,"63":0,"68":0,"70":0,"73":0,"77":0,"79":0,"82":0,"86":0,"88":0,"91":0,"95":0,"97":0,"100":0,"104":0,"106":0,"109":0,"113":0,"115":0,"118":0,"122":0,"124":0,"127":0,"131":0,"133":0,"136":0,"140":0,"142":0,"143":0,"144":0,"147":0,"152":0,"154":0,"157":0,"161":0,"163":0,"164":0,"165":0,"168":0,"173":0,"175":0,"176":0,"177":0,"180":0,"185":0,"187":0,"190":0,"194":0,"196":0,"199":0,"203":0,"205":0,"206":0,"207":0,"210":0,"215":0,"217":0,"220":0,"224":0,"226":0,"229":0,"233":0,"235":0,"238":0,"242":0,"244":0,"245":0,"246":0,"249":0,"254":0,"256":0,"257":0,"258":0,"261":0,"266":0,"268":0,"271":0,"275":0,"277":0,"279":0,"281":0,"283":0,"285":1,"287":0,"288":0}},"/home/travis/build/npmtest/node-npmtest-react-toolbox/node_modules/react-toolbox/lib/utils/is-component-of-type.js":{"path":"/home/travis/build/npmtest/node-npmtest-react-toolbox/node_modules/react-toolbox/lib/utils/is-component-of-type.js","s":{"1":1,"2":1,"3":1,"4":1,"5":1,"6":1,"7":0,"8":1,"9":0,"10":1,"11":0},"b":{"1":[0,0],"2":[0,0]},"f":{"1":0,"2":0,"3":0},"fnMap":{"1":{"name":"overrideComponentTypeChecker","line":16,"loc":{"start":{"line":16,"column":0},"end":{"line":16,"column":55}}},"2":{"name":"defaultChecker","line":26,"loc":{"start":{"line":26,"column":0},"end":{"line":26,"column":49}}},"3":{"name":"isComponentOfType","line":36,"loc":{"start":{"line":36,"column":0},"end":{"line":36,"column":52}}}},"statementMap":{"1":{"start":{"line":3,"column":0},"end":{"line":5,"column":3}},"2":{"start":{"line":6,"column":0},"end":{"line":6,"column":68}},"3":{"start":{"line":7,"column":0},"end":{"line":7,"column":40}},"4":{"start":{"line":8,"column":0},"end":{"line":8,"column":36}},"5":{"start":{"line":9,"column":0},"end":{"line":9,"column":27}},"6":{"start":{"line":16,"column":0},"end":{"line":18,"column":1}},"7":{"start":{"line":17,"column":2},"end":{"line":17,"column":34}},"8":{"start":{"line":26,"column":0},"end":{"line":28,"column":1}},"9":{"start":{"line":27,"column":2},"end":{"line":27,"column":57}},"10":{"start":{"line":36,"column":0},"end":{"line":38,"column":1}},"11":{"start":{"line":37,"column":2},"end":{"line":37,"column":106}}},"branchMap":{"1":{"line":27,"type":"binary-expr","locations":[{"start":{"line":27,"column":9},"end":{"line":27,"column":21}},{"start":{"line":27,"column":25},"end":{"line":27,"column":56}}]},"2":{"line":37,"type":"cond-expr","locations":[{"start":{"line":37,"column":25},"end":{"line":37,"column":63}},{"start":{"line":37,"column":66},"end":{"line":37,"column":105}}]}},"code":["\"use strict\";","","Object.defineProperty(exports, \"__esModule\", {","  value: true","});","exports.overrideComponentTypeChecker = overrideComponentTypeChecker;","exports.defaultChecker = defaultChecker;","exports.default = isComponentOfType;","var customChecker = void 0;","","/**"," *  Sets customChecker which will be used for all components."," *"," * @param providedChecker {Function} - Checker function"," */","function overrideComponentTypeChecker(providedChecker) {","  customChecker = providedChecker;","}","","/**"," * Returns true if the provided element is a component of the provided type."," *"," * @param classType {ReactElement class} - the class of a React Element"," * @param reactElement {ReactElement} - any React Element (not a real DOM node)"," */","function defaultChecker(classType, reactElement) {","  return reactElement && reactElement.type === classType;","}","","/**"," * Executes customChecker if it's set or defaultChecker."," *"," * @param classType {ReactElement class} - the class of a React Element"," * @param reactElement {ReactElement} - any React Element (not a real DOM node)"," */","function isComponentOfType(classType, reactElement) {","  return customChecker ? customChecker(classType, reactElement) : defaultChecker(classType, reactElement);","}"],"l":{"3":1,"6":1,"7":1,"8":1,"9":1,"16":1,"17":0,"26":1,"27":0,"36":1,"37":0}},"/home/travis/build/npmtest/node-npmtest-react-toolbox/node_modules/react-toolbox/lib/app_bar/index.js":{"path":"/home/travis/build/npmtest/node-npmtest-react-toolbox/node_modules/react-toolbox/lib/app_bar/index.js","s":{"1":2,"2":2,"3":2,"4":2,"5":2,"6":2,"7":0,"8":0,"9":1,"10":0,"11":0,"12":0,"13":0,"14":0},"b":{"1":[0,0],"2":[0,0]},"f":{"1":0},"fnMap":{"1":{"name":"_interopRequireDefault","line":20,"loc":{"start":{"line":20,"column":0},"end":{"line":20,"column":37}}}},"statementMap":{"1":{"start":{"line":3,"column":0},"end":{"line":5,"column":3}},"2":{"start":{"line":6,"column":0},"end":{"line":6,"column":27}},"3":{"start":{"line":8,"column":0},"end":{"line":8,"column":48}},"4":{"start":{"line":10,"column":0},"end":{"line":10,"column":45}},"5":{"start":{"line":12,"column":0},"end":{"line":12,"column":34}},"6":{"start":{"line":14,"column":0},"end":{"line":14,"column":35}},"7":{"start":{"line":16,"column":0},"end":{"line":16,"column":36}},"8":{"start":{"line":18,"column":0},"end":{"line":18,"column":45}},"9":{"start":{"line":20,"column":0},"end":{"line":20,"column":95}},"10":{"start":{"line":20,"column":39},"end":{"line":20,"column":93}},"11":{"start":{"line":22,"column":0},"end":{"line":22,"column":60}},"12":{"start":{"line":23,"column":0},"end":{"line":23,"column":92}},"13":{"start":{"line":25,"column":0},"end":{"line":25,"column":31}},"14":{"start":{"line":26,"column":0},"end":{"line":26,"column":30}}},"branchMap":{"1":{"line":20,"type":"cond-expr","locations":[{"start":{"line":20,"column":70},"end":{"line":20,"column":73}},{"start":{"line":20,"column":76},"end":{"line":20,"column":92}}]},"2":{"line":20,"type":"binary-expr","locations":[{"start":{"line":20,"column":46},"end":{"line":20,"column":49}},{"start":{"line":20,"column":53},"end":{"line":20,"column":67}}]}},"code":["'use strict';","","Object.defineProperty(exports, \"__esModule\", {","  value: true","});","exports.AppBar = undefined;","","var _reactCssThemr = require('react-css-themr');","","var _identifiers = require('../identifiers');","","var _AppBar = require('./AppBar');","","var _butto
[...]
8,"column":15},"end":{"line":8,"column":28}},{"start":{"line":8,"column":32},"end":{"line":8,"column":256}}]},"2":{"line":8,"type":"if","locations":[{"start":{"line":8,"column":150},"end":{"line":8,"column":150}},{"start":{"line":8,"column":150},"end":{"line":8,"column":150}}]},"3":{"line":10,"type":"binary-expr","locations":[{"start":{"line":10,"column":168},"end":{"line":10,"column":189}},{"start":{"line":10,"column":193},"end":{"line":10,"column":198}}]},"4":{"line":10,"type":"if","locations":[{"start":{"line":10,"column":232},"end":{"line":10,"column":232}},{"start":{"line":10,"column":232},"end":{"line":10,"column":232}}]},"5":{"line":10,"type":"if","locations":[{"start":{"line":10,"column":407},"end":{"line":10,"column":407}},{"start":{"line":10,"column":407},"end":{"line":10,"column":407}}]},"6":{"line":10,"type":"if","locations":[{"start":{"line":10,"column":476},"end":{"line":10,"column":476}},{"start":{"line":10,"column":476},"end":{"line":10,"column":476}}]},"7":{"line":32,"type":"cond-expr","locations":[{"start":{"line":32,"column":70},"end":{"line":32,"column":73}},{"start":{"line":32,"column":76},"end":{"line":32,"column":92}}]},"8":{"line":32,"type":"binary-expr","locations":[{"start":{"line":32,"column":46},"end":{"line":32,"column":49}},{"start":{"line":32,"column":53},"end":{"line":32,"column":67}}]},"9":{"line":34,"type":"if","locations":[{"start":{"line":34,"column":44},"end":{"line":34,"column":44}},{"start":{"line":34,"column":44},"end":{"line":34,"column":44}}]},"10":{"line":36,"type":"if","locations":[{"start":{"line":36,"column":85},"end":{"line":36,"column":85}},{"start":{"line":36,"column":85},"end":{"line":36,"column":85}}]},"11":{"line":36,"type":"if","locations":[{"start":{"line":36,"column":121},"end":{"line":36,"column":121}},{"start":{"line":36,"column":121},"end":{"line":36,"column":121}}]},"12":{"line":38,"type":"if","locations":[{"start":{"line":38,"column":50},"end":{"line":38,"column":50}},{"start":{"line":38,"column":50},"end":{"line":38,"column":50}}]},"13":{"line":40,"type":"if","locations":[{"start":{"line":40,"column":50},"end":{"line":40,"column":50}},{"start":{"line":40,"column":50},"end":{"line":40,"column":50}}]},"14":{"line":40,"type":"cond-expr","locations":[{"start":{"line":40,"column":226},"end":{"line":40,"column":230}},{"start":{"line":40,"column":233},"end":{"line":40,"column":237}}]},"15":{"line":40,"type":"binary-expr","locations":[{"start":{"line":40,"column":159},"end":{"line":40,"column":163}},{"start":{"line":40,"column":168},"end":{"line":40,"column":192}},{"start":{"line":40,"column":196},"end":{"line":40,"column":222}}]},"16":{"line":42,"type":"if","locations":[{"start":{"line":42,"column":43},"end":{"line":42,"column":43}},{"start":{"line":42,"column":43},"end":{"line":42,"column":43}}]},"17":{"line":42,"type":"binary-expr","locations":[{"start":{"line":42,"column":47},"end":{"line":42,"column":79}},{"start":{"line":42,"column":83},"end":{"line":42,"column":102}}]},"18":{"line":42,"type":"binary-expr","locations":[{"start":{"line":42,"column":244},"end":{"line":42,"column":254}},{"start":{"line":42,"column":258},"end":{"line":42,"column":278}}]},"19":{"line":42,"type":"if","locations":[{"start":{"line":42,"column":374},"end":{"line":42,"column":374}},{"start":{"line":42,"column":374},"end":{"line":42,"column":374}}]},"20":{"line":42,"type":"cond-expr","locations":[{"start":{"line":42,"column":414},"end":{"line":42,"column":457}},{"start":{"line":42,"column":460},"end":{"line":42,"column":491}}]},"21":{"line":59,"type":"binary-expr","locations":[{"start":{"line":59,"column":79},"end":{"line":59,"column":107}},{"start":{"line":59,"column":111},"end":{"line":59,"column":152}}]},"22":{"line":60,"type":"if","locations":[{"start":{"line":60,"column":8},"end":{"line":60,"column":8}},{"start":{"line":60,"column":8},"end":{"line":60,"column":8}}]},"23":{"line":61,"type":"if","locations":[{"start":{"line":61,"column":8},"end":{"line":61,"column":8}},{"start":{"line":61,"column":8},"end":{"line":61,"column":8}}]},"24":{"line":64,"type":"if","locations":[{"start":{"line":64,"column":8},"end":{"line":64,"column":8}},{"start":{"line":64,"column":8},"end":{"line":64,"column":8}}]},"25":{"line":65,"type":"if","locations":[{"start":{"line":65,"column":8},"end":{"line":65,"column":8}},{"start":{"line":65,"column":8},"end":{"line":65,"column":8}}]},"26":{"line":69,"type":"if","locations":[{"start":{"line":69,"column":8},"end":{"line":69,"column":8}},{"start":{"line":69,"column":8},"end":{"line":69,"column":8}}]},"27":{"line":72,"type":"if","locations":[{"start":{"line":72,"column":8},"end":{"line":72,"column":8}},{"start":{"line":72,"column":8},"end":{"line":72,"column":8}}]},"28":{"line":74,"type":"if","locations":[{"start":{"line":74,"column":8},"end":{"line":74,"column":8}},{"start":{"line":74,"column":8},"end":{"line":74,"column":8}}]},"29":{"line":117,"type":"cond-expr","locations":[{"start":{"line":117,"column":68},"end":{"line":117,"column":147}},{"start":{"line":117,"column":150},"end":{"line":117,"column":154}}]}},"code":["'use strict';","","Object.defineProperty(exports, \"__esModule\", {","  value: true","});","exports.BrowseButton = exports.browseButtonFactory = undefined;","","var _extends = Object.assign || function (target) { for (var i = 1; i < arguments.length; i++) { var source = arguments[i]; for (var key in source) { if (Object.prototype.hasOwnProperty.call(source, key)) { target[key] = source[key]; } } } return target; };","","var _createClass = function () { function defineProperties(target, props) { for (var i = 0; i < props.length; i++) { var descriptor = props[i]; descriptor.enumerable = descriptor.enumerable || false; descriptor.configurable = true; if (\"value\" in descriptor) descriptor.writable = true; Object.defineProperty(target, descriptor.key, descriptor); } } return function (Constructor, protoProps, staticProps) { if (protoProps) defineProperties(Constructor.prototype, protoProps); if (staticProps) defineProperties(Constructor, staticProps); return Constructor; }; }();","","var _react = require('react');","","var _react2 = _interopRequireDefault(_react);","","var _classnames2 = require('classnames');","","var _classnames3 = _interopRequireDefault(_classnames2);","","var _reactCssThemr = require('react-css-themr');","","var _identifiers = require('../identifiers');","","var _FontIcon = require('../font_icon/FontIcon');","","var _FontIcon2 = _interopRequireDefault(_FontIcon);","","var _Ripple = require('../ripple/Ripple');","","var _Ripple2 = _interopRequireDefault(_Ripple);","","function _interopRequireDefault(obj) { return obj && obj.__esModule ? obj : { default: obj }; }","","function _defineProperty(obj, key, value) { if (key in obj) { Object.defineProperty(obj, key, { value: value, enumerable: true, configurable: true, writable: true }); } else { obj[key] = value; } return obj; }","","function _objectWithoutProperties(obj, keys) { var target = {}; for (var i in obj) { if (keys.indexOf(i) >= 0) continue; if (!Object.prototype.hasOwnProperty.call(obj, i)) continue; target[i] = obj[i]; } return target; }","","function _classCallCheck(instance, Constructor) { if (!(instance instanceof Constructor)) { throw new TypeError(\"Cannot call a class as a function\"); } }","","function _possibleConstructorReturn(self, call) { if (!self) { throw new ReferenceError(\"this hasn't been initialised - super() hasn't been called\"); } return call && (typeof call === \"object\" || typeof call === \"function\") ? call : self; }","","function _inherits(subClass, superClass) { if (typeof superClass !== \"function\" && superClass !== null) { throw new TypeError(\"Super expression must either be null or a function, not \" + typeof superClass); } subClass.prototype = Object.create(superClass && superClass.prototype, { constructor: { value: subClass, enumerable: false, writable: true, configurable: true } }); if (superClass) Object.setPrototypeOf ? Object.setPrototypeOf(subClass, superClass) : subClass.__proto__ = superClass; }","","var factory = function factory(ripple, FontIcon) {","  var SimpleBrowseButton = function (_Component) {","    _inherits(SimpleBrowseButton, _Component);","","    function SimpleBrowseButton() {","      var _ref;","","      var _temp, _this, _ret;","","      _classCallCheck(this, SimpleBrowseButton);","","      for (var _len = arguments.length, args = Array(_len), _key = 0; _key < _len; _key++) {","        args[_key] = arguments[_key];","      }","","      return _ret = (_temp = (_this = _possibleConstructorReturn(this, (_ref = SimpleBrowseButton.__proto__ || Object.getPrototypeOf(SimpleBrowseButton)).call.apply(_ref, [this].concat(args))), _this), _this.getLevel = function () {","        if (_this.props.primary) return 'primary';","        if (_this.props.accent) return 'accent';","        return 'neutral';","      }, _this.getShape = function () {","        if (_this.props.raised) return 'raised';","        if (_this.props.floating) return 'floating';","        return 'flat';","      }, _this.handleMouseUp = function (event) {","        _this.labelNode.blur();","        if (_this.props.onMouseUp) _this.props.onMouseUp(event);","      }, _this.handleMouseLeave = function (event) {","        _this.labelNode.blur();","        if (_this.props.onMouseLeave) _this.props.onMouseLeave(event);","      }, _this.handleFileChange = function (event) {","        if (_this.props.onChange) _this.props.onChange(event);","      }, _temp), _possibleConstructorReturn(_this, _ret);","    }","","    _createClass(SimpleBrowseButton, [{","      key: 'render',","      value: function render() {","        var _classnames,","            _this2 = this;","","        var _props = this.props,","            accent = _props.accent,","            children = _props.children,","            className = _props.className,","            flat = _props.flat,","            floating = _props.floating,","            icon = _props.icon,","            inverse = _props.inverse,","            label = _props.label,","            mini = _props.mini,","            neutral = _props.neutral,","            primary = _props.primary,","            raised = _props.raised,","            theme = _props.theme,","            others = _objectWithoutProperties(_props, ['accent', 'children', 'className', 'flat', 'floating', 'icon', 'inverse', 'label', 'mini', 'neutral', 'primary', 'raised', 'theme']);","","        var element = 'label';","        var level = this.getLevel();","        var shape = this.getShape();","","        var classes = (0, _classnames3.default)(theme.button, [theme[shape]], (_classnames = {}, _defineProperty(_classnames, theme[level], neutral), _defineProperty(_classnames, theme.mini, mini), _defineProperty(_classnames, theme.inverse, inverse), _classnames), className);","","        var props = _extends({}, others, {","          ref: function ref(node) {","            _this2.labelNode = node;","          },","          className: classes,","          disabled: this.props.disabled,","          onMouseUp: this.handleMouseUp,","          onMouseLeave: this.handleMouseLeave,","          'data-react-toolbox': 'label'","        });","","        return _react2.default.createElement(element, props, icon ? _react2.default.createElement(FontIcon, { className: theme.icon, value: icon }) : null, _react2.default.createElement(","          'span',","          null,","          label","        ), _react2.default.createElement('input', { className: classes, type: 'file', onChange: this.handleFileChange }), children);","      }","    }]);","","    return SimpleBrowseButton;","  }(_react.Component);","","  SimpleBrowseButton.propTypes = {","    accent: _react.PropTypes.bool,","    children: _react.PropTypes.node,","    className: _react.PropTypes.string,","    disabled: _react.PropTypes.bool,","    flat: _react.PropTypes.bool,","    floating: _react.PropTypes.bool,","    icon: _react.PropTypes.oneOfType([_react.PropTypes.string, _react.PropTypes.element]),","    inverse: _react.PropTypes.bool,","    label: _react.PropTypes.string,","    mini: _react.PropTypes.bool,","    neutral: _react.PropTypes.bool,","    onChange: _react.PropTypes.func,","    onMouseLeave: _react.PropTypes.func,","    onMouseUp: _react.PropTypes.func,","    primary: _react.PropTypes.bool,","    raised: _react.PropTypes.bool,","    theme: _react.PropTypes.shape({","      accent: _react.PropTypes.string,","      button: _react.PropTypes.string,","      flat: _react.PropTypes.string,","      floating: _react.PropTypes.string,","      icon: _react.PropTypes.string,","      inverse: _react.PropTypes.string,","      mini: _react.PropTypes.string,","      neutral: _react.PropTypes.string,","      primary: _react.PropTypes.string,","      raised: _react.PropTypes.string,","      rippleWrapper: _react.PropTypes.string,","      toggle: _react.PropTypes.string","    }),","    type: _react.PropTypes.string","  };","  SimpleBrowseButton.defaultProps = {","    accent: false,","    className: '',","    flat: false,","    floating: false,","    mini: false,","    neutral: true,","    primary: false,","    raised: false","  };","","","  return ripple(SimpleBrowseButton);","};","","var BrowseButton = factory((0, _Ripple2.default)({ centered: false }), _FontIcon2.default);","exports.default = (0, _reactCssThemr.themr)(_identifiers.BUTTON)(BrowseButton);","exports.browseButtonFactory = factory;","exports.BrowseButton = BrowseButton;"],"l":{"3":1,"6":1,"8":1,"10":1,"12":1,"14":1,"16":1,"18":1,"20":1,"22":1,"24":1,"26":1,"28":1,"30":1,"32":4,"34":1,"36":1,"38":1,"40":1,"42":1,"44":1,"45":1,"46":1,"48":1,"49":0,"51":0,"53":0,"55":0,"56":0,"59":0,"60":0,"61":0,"62":0,"64":0,"65":0,"66":0,"68":0,"69":0,"71":0,"72":0,"74":0,"78":1,"81":0,"84":0,"100":0,"101":0,"102":0,"104":0,"106":0,"108":0,"117":0,"125":1,"128":1,"161":1,"173":1,"176":1,"177":1,"178":1,"179":1}},"/home/travis/build/npmtest/node-npmtest-react-toolbox/node_modules/react-toolbox/lib/ripple/index.js":{"path":"/home/travis/build/npmtest/node-npmtest-react-toolbox/node_modules/react-toolbox/lib/ripple/index.js","s":{"1":2,"2":2,"3":0,"4":0,"5":0,"6":0,"7":0,"8":0,"9":2,"10":2,"11":2,"12":0,"13":1,"14":2,"15":0,"16":0},"b":{"1":[2,0],"2":[0,0],"3":[2,0],"4":[2,2]},"f":{"1":0,"2":2,"3":0},"fnMap":{"1":{"name":"(anonymous_1)","line":7,"loc":{"start":{"line":7,"column":32},"end":{"line":7,"column":50}}},"2":{"name":"_interopRequireDefault","line":17,"loc":{"start":{"line":17,"column":0},"end":{"line":17,"column":37}}},"3":{"name":"(anonymous_3)","line":19,"loc":{"start":{"line":19,"column":18},"end":{"line":19,"column":37}}}},"statementMap":{"1":{"start":{"line":3,"column":0},"end":{"line":5,"column":3}},"2":{"start":{"line":7,"column":0},"end":{"line":7,"column":257}},"3":{"start":{"line":7,"column":52},"end":{"line":7,"column":239}},"4":{"start":{"line":7,"column":97},"end":{"line":7,"column":123}},"5":{"start":{"line":7,"column":124},"end":{"line":7,"column":237}},"6":{"start":{"line":7,"column":150},"end":{"line":7,"column":235}},"7":{"start":{"line":7,"column":207},"end":{"line":7,"column":233}},"8":{"start":{"line":7,"column":240},"end":{"line":7,"column":254}},"9":{"start":{"line":9,"column":0},"end":{"line":9,"column":34}},"10":{"start":{"line":11,"column":0},"end":{"line":11,"column":47}},"11":{"start":{"line":13,"column":0},"end":{"line":13,"column":36}},"12":{"start":{"line":15,"column":0},"end":{"line":15,"column":45}},"13":{"start":{"line":17,"column":0},"end":{"line":17,"column":95}},"14":{"start":{"line":17,"column":39},"end":{"line":17,"column":93}},"15":{"start":{"line":19,"column":0},"end":{"line":21,"column":2}},"16":{"start":{"line":20,"column":2},"end":{"line":20,"column":82}}},"branchMap":{"1":{"line":7,"type":"binary-expr","locations":[{"start":{"line":7,"column":15},"end":{"line":7,"column":28}},{"start":{"line":7,"column":32},"end":{"line":7,"column":256}}]},"2":{"line":7,"type":"if","locations":[{"start":{"line":7,"column":150},"end":{"line":7,"column":150}},{"start":{"line":7,"column":150},"end":{"line":7,"column":150}}]},"3":{"line":17,"type":"cond-expr","locations":[{"start":{"line":17,"column":70},"end":{"line":17,"column":73}},{"start":{"line":17,"column":76},"end":{"line":17,"column":92}}]},"4":{"line":17,"type":"binary-expr","locations":[{"start":{"line":17,"column":46},"end":{"line":17,"column":49}},{"start":{"line":17,"column":53},"end":{"line":17,"column":67}}]}},"code":["'use strict';","","Object.defineProperty(exports, \"__esModule\", {","  value: true","});","","var _extends = Object.assign || function (target) { for (var i = 1; i < arguments.length; i++) { var source = arguments[i]; for (var key in source) { if (Object.prototype.hasOwnProperty.call(source, key)) { target[key] = source[key]; } } } return target; };","","var _Ripple = require('./Ripple');","","var _Ripple2 = _interopRequireDefault(_Ripple);","","var _theme = require('./theme.css');","","var _theme2 = _interopRequireDefault(_theme);","","function _interopRequireDefault(obj) { return obj && obj.__esModule ? obj : { default: obj }; }","","exports.default = function (options) {","  return (0, _Ripple2.default)(_extends({}, options, { theme: _theme2.default }));","};"],"l":{"3":2,"7":2,"9":2,"11":2,"13":2,"15":0,"17":2,"19":0,"20":0}},"/home/travis/build/npmtest/node-npmtest-react-toolbox/node_modules/react-toolbox/gulpfile.js":{"path":"/home/travis/build/npmtest/node-npmtest-react-toolbox/node_modules/react-toolbox/gulpfile.js","s":{"1":2,"2":2,"3":0,"4":0,"5":0,"6":0,"7":0,"8":0,"9":0,"10":0},"b":{},"f":{"1":0,"2":0},"fnMap":{"1":{"name":"(anonymous_1)","line":6,"loc":{"start":{"line":6,"column":16},"end":{"line":6,"column":28}}},"2":{"name":"(anonymous_2)","line":16,"loc":{"start":{"line":16,"column":17},"end":{"line":16,"column":29}}}},"statementMap":{"1":{"start":{"line":1,"column":0},"end":{"line":1,"column":29}},"2":{"start":{"line":2,"column":0},"end":{"line":2,"column":29}},"3":{"start":{"line":3,"column":0},"end":{"line":3,"column":36}},"4":{"start":{"line":4,"column":0},"end":{"line":4,"column":40}},"5":{"start":{"line":6,"column":0},"end":{"line":14,"column":3}},"6":{"start":{"line":7,"column":2},"end":{"line":13,"column":30}},"7":{"start":{"line":16,"column":0},"end":{"line":33,"column":3}},"8":{"start":{"line":17,"column":2},"end":{"line":25,"column":4}},"9":{"start":{"line":27,"column":2},"end":{"line":32,"column":30}},"10":{"start":{"line":35,"column":0},"end":{"line":35,"column":36}}},"branchMap":{},"code":["const path = require('path');","const gulp = require('gulp');","const babel = require('gulp-babel');","const postcss = require('gulp-postcss');","","gulp.task('js', function () {","  return gulp.src([","    './components/**/*.js',","    '!./components/**/__test__/*.js',","    '!./components/__mocks__/**/*.js'","  ])","    .pipe(babel())","    .pipe(gulp.dest('./lib'));","});","","gulp.task('css', function () {","  const plugins = [","    require('postcss-import')({","      root: __dirname,","      path: [path.join(__dirname, './components')]","    }),","    require('postcss-mixins')(),","    require('postcss-each')(),","    require('postcss-reporter')({ clearMessages: true })","  ];","","  return gulp.src([","      './components/*.css',","      './components/**/*.css'","    ])","    .pipe(postcss(plugins))","    .pipe(gulp.dest('./lib'));","});","","gulp.task('default', ['js', 'css']);",""],"l":{"1":2,"2":2,"3":0,"4":0,"6":0,"7":0,"16":0,"17":0,"27":0,"35":0}},"/home/travis/build/npmtest/node-npmtest-react-toolbox/node_modules/react-toolbox/jest.config.js":{"path":"/home/travis/build/npmtest/node-npmtest-react-toolbox/node_modules/react-toolbox/jest.config.js","s":{"1":2,"2":0},"b":{},"f":{},"fnMap":{},"statementMap":{"1":{"start":{"line":1,"column":0},"end":{"line":1,"column":78}},"2":{"start":{"line":1,"column":70},"end":{"line":1,"column":74}}},"branchMap":{},"code":["Object.defineProperty(window, 'requestAnimationFrame', { value: fn => fn() });",""],"l":{"1":2}}}